{
  "stats": {
    "suites": 1,
    "tests": 100,
    "passes": 14,
    "pending": 0,
    "failures": 86,
    "start": "2021-02-24T20:42:31.206Z",
    "end": "2021-02-24T20:43:01.394Z",
    "duration": 30188,
    "testsRegistered": 100,
    "passPercent": 14.000000000000002,
    "pendingPercent": 0,
    "other": 0,
    "hasOther": false,
    "skipped": 0,
    "hasSkipped": false
  },
  "results": [
    {
      "uuid": "15cf6dc0-1984-4ade-9be5-ac50235800df",
      "title": "",
      "fullFile": "",
      "file": "",
      "beforeHooks": [],
      "afterHooks": [],
      "tests": [],
      "suites": [
        {
          "uuid": "abea1f4d-d5be-44ae-91c6-f0ee4f9480b2",
          "title": "full test suite",
          "fullFile": "/Users/donlivinghouse/AccuChain/pdl/mocha-chai-pdl/unit-testing-with-mocha-chai/test/app.spec.js",
          "file": "/test/app.spec.js",
          "beforeHooks": [],
          "afterHooks": [],
          "tests": [
            {
              "title": "from the phone number, it should return the contact with at least 1  email, 14085404472",
              "fullTitle": "full test suite from the phone number, it should return the contact with at least 1  email, 14085404472",
              "timedOut": false,
              "duration": 441,
              "state": "failed",
              "speed": null,
              "pass": false,
              "fail": true,
              "pending": false,
              "context": null,
              "code": "process.bind(this)(test, done);",
              "err": {
                "message": "AssertionError: expected 0 to be above 0",
                "estack": "AssertionError: expected 0 to be above 0\n    at /Users/donlivinghouse/AccuChain/pdl/mocha-chai-pdl/unit-testing-with-mocha-chai/test/app.spec.js:26:61\n    at processTicksAndRejections (internal/process/task_queues.js:93:5)",
                "diff": ""
              },
              "uuid": "9eff023d-caf9-4d1d-ac8f-17d7d2a963d2",
              "parentUUID": "abea1f4d-d5be-44ae-91c6-f0ee4f9480b2",
              "isHook": false,
              "skipped": false
            },
            {
              "title": "from the phone number, it should return the contact with at least 1  email, 14083345374",
              "fullTitle": "full test suite from the phone number, it should return the contact with at least 1  email, 14083345374",
              "timedOut": false,
              "duration": 415,
              "state": "failed",
              "speed": null,
              "pass": false,
              "fail": true,
              "pending": false,
              "context": null,
              "code": "process.bind(this)(test, done);",
              "err": {
                "message": "Error: Request failed with status code 404",
                "estack": "Error: Request failed with status code 404\n    at createError (node_modules/axios/lib/core/createError.js:16:15)\n    at settle (node_modules/axios/lib/core/settle.js:17:12)\n    at IncomingMessage.handleStreamEnd (node_modules/axios/lib/adapters/http.js:244:11)\n    at endReadableNT (internal/streams/readable.js:1327:12)\n    at processTicksAndRejections (internal/process/task_queues.js:80:21)",
                "diff": null
              },
              "uuid": "d5c5098c-59d7-42ef-a8f4-20647debd421",
              "parentUUID": "abea1f4d-d5be-44ae-91c6-f0ee4f9480b2",
              "isHook": false,
              "skipped": false
            },
            {
              "title": "from the phone number, it should return the contact with at least 1  email, 14089925567",
              "fullTitle": "full test suite from the phone number, it should return the contact with at least 1  email, 14089925567",
              "timedOut": false,
              "duration": 494,
              "state": "passed",
              "speed": "slow",
              "pass": true,
              "fail": false,
              "pending": false,
              "context": null,
              "code": "process.bind(this)(test, done);",
              "err": {},
              "uuid": "ce647283-4463-4561-99cd-c07a773fbf24",
              "parentUUID": "abea1f4d-d5be-44ae-91c6-f0ee4f9480b2",
              "isHook": false,
              "skipped": false
            },
            {
              "title": "from the phone number, it should return the contact with at least 1  email, 14088219535",
              "fullTitle": "full test suite from the phone number, it should return the contact with at least 1  email, 14088219535",
              "timedOut": false,
              "duration": 394,
              "state": "failed",
              "speed": null,
              "pass": false,
              "fail": true,
              "pending": false,
              "context": null,
              "code": "process.bind(this)(test, done);",
              "err": {
                "message": "Error: Request failed with status code 404",
                "estack": "Error: Request failed with status code 404\n    at createError (node_modules/axios/lib/core/createError.js:16:15)\n    at settle (node_modules/axios/lib/core/settle.js:17:12)\n    at IncomingMessage.handleStreamEnd (node_modules/axios/lib/adapters/http.js:244:11)\n    at endReadableNT (internal/streams/readable.js:1327:12)\n    at processTicksAndRejections (internal/process/task_queues.js:80:21)",
                "diff": null
              },
              "uuid": "82473524-fcc2-44c2-acfe-76cf1078ddf4",
              "parentUUID": "abea1f4d-d5be-44ae-91c6-f0ee4f9480b2",
              "isHook": false,
              "skipped": false
            },
            {
              "title": "from the phone number, it should return the contact with at least 1  email, 13128053914",
              "fullTitle": "full test suite from the phone number, it should return the contact with at least 1  email, 13128053914",
              "timedOut": false,
              "duration": 278,
              "state": "failed",
              "speed": null,
              "pass": false,
              "fail": true,
              "pending": false,
              "context": null,
              "code": "process.bind(this)(test, done);",
              "err": {
                "message": "AssertionError: expected 0 to be above 0",
                "estack": "AssertionError: expected 0 to be above 0\n    at /Users/donlivinghouse/AccuChain/pdl/mocha-chai-pdl/unit-testing-with-mocha-chai/test/app.spec.js:26:61\n    at processTicksAndRejections (internal/process/task_queues.js:93:5)",
                "diff": ""
              },
              "uuid": "ce036098-e1e5-4dda-817e-ec52dd377f23",
              "parentUUID": "abea1f4d-d5be-44ae-91c6-f0ee4f9480b2",
              "isHook": false,
              "skipped": false
            },
            {
              "title": "from the phone number, it should return the contact with at least 1  email, 14084586003",
              "fullTitle": "full test suite from the phone number, it should return the contact with at least 1  email, 14084586003",
              "timedOut": false,
              "duration": 462,
              "state": "passed",
              "speed": "slow",
              "pass": true,
              "fail": false,
              "pending": false,
              "context": null,
              "code": "process.bind(this)(test, done);",
              "err": {},
              "uuid": "13fbe7d1-223b-41f6-8a2d-d117d9fba6d5",
              "parentUUID": "abea1f4d-d5be-44ae-91c6-f0ee4f9480b2",
              "isHook": false,
              "skipped": false
            },
            {
              "title": "from the phone number, it should return the contact with at least 1  email, 14084586004",
              "fullTitle": "full test suite from the phone number, it should return the contact with at least 1  email, 14084586004",
              "timedOut": false,
              "duration": 441,
              "state": "passed",
              "speed": "slow",
              "pass": true,
              "fail": false,
              "pending": false,
              "context": null,
              "code": "process.bind(this)(test, done);",
              "err": {},
              "uuid": "0081b83b-7f51-4f0b-a9af-8027d9a9ba84",
              "parentUUID": "abea1f4d-d5be-44ae-91c6-f0ee4f9480b2",
              "isHook": false,
              "skipped": false
            },
            {
              "title": "from the phone number, it should return the contact with at least 1  email, 14085960452",
              "fullTitle": "full test suite from the phone number, it should return the contact with at least 1  email, 14085960452",
              "timedOut": false,
              "duration": 389,
              "state": "failed",
              "speed": null,
              "pass": false,
              "fail": true,
              "pending": false,
              "context": null,
              "code": "process.bind(this)(test, done);",
              "err": {
                "message": "AssertionError: expected 0 to be above 0",
                "estack": "AssertionError: expected 0 to be above 0\n    at /Users/donlivinghouse/AccuChain/pdl/mocha-chai-pdl/unit-testing-with-mocha-chai/test/app.spec.js:26:61\n    at processTicksAndRejections (internal/process/task_queues.js:93:5)",
                "diff": ""
              },
              "uuid": "b53d8ea3-3d3b-4c86-b718-403d209d95b3",
              "parentUUID": "abea1f4d-d5be-44ae-91c6-f0ee4f9480b2",
              "isHook": false,
              "skipped": false
            },
            {
              "title": "from the phone number, it should return the contact with at least 1  email, 13238397523",
              "fullTitle": "full test suite from the phone number, it should return the contact with at least 1  email, 13238397523",
              "timedOut": false,
              "duration": 232,
              "state": "failed",
              "speed": null,
              "pass": false,
              "fail": true,
              "pending": false,
              "context": null,
              "code": "process.bind(this)(test, done);",
              "err": {
                "message": "AssertionError: expected 0 to be above 0",
                "estack": "AssertionError: expected 0 to be above 0\n    at /Users/donlivinghouse/AccuChain/pdl/mocha-chai-pdl/unit-testing-with-mocha-chai/test/app.spec.js:26:61\n    at processTicksAndRejections (internal/process/task_queues.js:93:5)",
                "diff": ""
              },
              "uuid": "b42fb658-d81c-4354-b32b-60ed62a07a9e",
              "parentUUID": "abea1f4d-d5be-44ae-91c6-f0ee4f9480b2",
              "isHook": false,
              "skipped": false
            },
            {
              "title": "from the phone number, it should return the contact with at least 1 phone number 14085404472",
              "fullTitle": "full test suite from the phone number, it should return the contact with at least 1 phone number 14085404472",
              "timedOut": false,
              "duration": 426,
              "state": "failed",
              "speed": null,
              "pass": false,
              "fail": true,
              "pending": false,
              "context": null,
              "code": "process.bind(this)(test, done);",
              "err": {
                "message": "TypeError: Cannot read property 'of' of undefined",
                "estack": "TypeError: Cannot read property 'of' of undefined\n    at /Users/donlivinghouse/AccuChain/pdl/mocha-chai-pdl/unit-testing-with-mocha-chai/test/app.spec.js:37:53\n    at processTicksAndRejections (internal/process/task_queues.js:93:5)",
                "diff": null
              },
              "uuid": "49b4cb46-aa6a-4b6b-b666-8a12cb7528a6",
              "parentUUID": "abea1f4d-d5be-44ae-91c6-f0ee4f9480b2",
              "isHook": false,
              "skipped": false
            },
            {
              "title": "from the phone number, it should return the contact with at least 1 phone number 14083345374",
              "fullTitle": "full test suite from the phone number, it should return the contact with at least 1 phone number 14083345374",
              "timedOut": false,
              "duration": 387,
              "state": "failed",
              "speed": null,
              "pass": false,
              "fail": true,
              "pending": false,
              "context": null,
              "code": "process.bind(this)(test, done);",
              "err": {
                "message": "Error: Request failed with status code 404",
                "estack": "Error: Request failed with status code 404\n    at createError (node_modules/axios/lib/core/createError.js:16:15)\n    at settle (node_modules/axios/lib/core/settle.js:17:12)\n    at IncomingMessage.handleStreamEnd (node_modules/axios/lib/adapters/http.js:244:11)\n    at endReadableNT (internal/streams/readable.js:1327:12)\n    at processTicksAndRejections (internal/process/task_queues.js:80:21)",
                "diff": null
              },
              "uuid": "784a1ab3-ea81-4fdc-8a5b-4b946c1c62b4",
              "parentUUID": "abea1f4d-d5be-44ae-91c6-f0ee4f9480b2",
              "isHook": false,
              "skipped": false
            },
            {
              "title": "from the phone number, it should return the contact with at least 1 phone number 14089925567",
              "fullTitle": "full test suite from the phone number, it should return the contact with at least 1 phone number 14089925567",
              "timedOut": false,
              "duration": 200,
              "state": "failed",
              "speed": null,
              "pass": false,
              "fail": true,
              "pending": false,
              "context": null,
              "code": "process.bind(this)(test, done);",
              "err": {
                "message": "Error: Request failed with status code 429",
                "estack": "Error: Request failed with status code 429\n    at createError (node_modules/axios/lib/core/createError.js:16:15)\n    at settle (node_modules/axios/lib/core/settle.js:17:12)\n    at IncomingMessage.handleStreamEnd (node_modules/axios/lib/adapters/http.js:244:11)\n    at endReadableNT (internal/streams/readable.js:1327:12)\n    at processTicksAndRejections (internal/process/task_queues.js:80:21)",
                "diff": null
              },
              "uuid": "db0a8f84-de52-4184-add4-cd4304af2602",
              "parentUUID": "abea1f4d-d5be-44ae-91c6-f0ee4f9480b2",
              "isHook": false,
              "skipped": false
            },
            {
              "title": "from the phone number, it should return the contact with at least 1 phone number 14088219535",
              "fullTitle": "full test suite from the phone number, it should return the contact with at least 1 phone number 14088219535",
              "timedOut": false,
              "duration": 202,
              "state": "failed",
              "speed": null,
              "pass": false,
              "fail": true,
              "pending": false,
              "context": null,
              "code": "process.bind(this)(test, done);",
              "err": {
                "message": "Error: Request failed with status code 429",
                "estack": "Error: Request failed with status code 429\n    at createError (node_modules/axios/lib/core/createError.js:16:15)\n    at settle (node_modules/axios/lib/core/settle.js:17:12)\n    at IncomingMessage.handleStreamEnd (node_modules/axios/lib/adapters/http.js:244:11)\n    at endReadableNT (internal/streams/readable.js:1327:12)\n    at processTicksAndRejections (internal/process/task_queues.js:80:21)",
                "diff": null
              },
              "uuid": "97df87fa-cb35-410e-a225-34cc04e33d81",
              "parentUUID": "abea1f4d-d5be-44ae-91c6-f0ee4f9480b2",
              "isHook": false,
              "skipped": false
            },
            {
              "title": "from the phone number, it should return the contact with at least 1 phone number 13128053914",
              "fullTitle": "full test suite from the phone number, it should return the contact with at least 1 phone number 13128053914",
              "timedOut": false,
              "duration": 218,
              "state": "failed",
              "speed": null,
              "pass": false,
              "fail": true,
              "pending": false,
              "context": null,
              "code": "process.bind(this)(test, done);",
              "err": {
                "message": "Error: Request failed with status code 429",
                "estack": "Error: Request failed with status code 429\n    at createError (node_modules/axios/lib/core/createError.js:16:15)\n    at settle (node_modules/axios/lib/core/settle.js:17:12)\n    at IncomingMessage.handleStreamEnd (node_modules/axios/lib/adapters/http.js:244:11)\n    at endReadableNT (internal/streams/readable.js:1327:12)\n    at processTicksAndRejections (internal/process/task_queues.js:80:21)",
                "diff": null
              },
              "uuid": "23c412cd-b6e8-4d0b-bf20-953c5efc8918",
              "parentUUID": "abea1f4d-d5be-44ae-91c6-f0ee4f9480b2",
              "isHook": false,
              "skipped": false
            },
            {
              "title": "from the phone number, it should return the contact with at least 1 phone number 14084586003",
              "fullTitle": "full test suite from the phone number, it should return the contact with at least 1 phone number 14084586003",
              "timedOut": false,
              "duration": 190,
              "state": "failed",
              "speed": null,
              "pass": false,
              "fail": true,
              "pending": false,
              "context": null,
              "code": "process.bind(this)(test, done);",
              "err": {
                "message": "Error: Request failed with status code 429",
                "estack": "Error: Request failed with status code 429\n    at createError (node_modules/axios/lib/core/createError.js:16:15)\n    at settle (node_modules/axios/lib/core/settle.js:17:12)\n    at IncomingMessage.handleStreamEnd (node_modules/axios/lib/adapters/http.js:244:11)\n    at endReadableNT (internal/streams/readable.js:1327:12)\n    at processTicksAndRejections (internal/process/task_queues.js:80:21)",
                "diff": null
              },
              "uuid": "abe4018a-60ba-43b3-bc18-97e1dbfbe555",
              "parentUUID": "abea1f4d-d5be-44ae-91c6-f0ee4f9480b2",
              "isHook": false,
              "skipped": false
            },
            {
              "title": "from the phone number, it should return the contact with at least 1 phone number 14084586004",
              "fullTitle": "full test suite from the phone number, it should return the contact with at least 1 phone number 14084586004",
              "timedOut": false,
              "duration": 382,
              "state": "failed",
              "speed": null,
              "pass": false,
              "fail": true,
              "pending": false,
              "context": null,
              "code": "process.bind(this)(test, done);",
              "err": {
                "message": "Error: Request failed with status code 429",
                "estack": "Error: Request failed with status code 429\n    at createError (node_modules/axios/lib/core/createError.js:16:15)\n    at settle (node_modules/axios/lib/core/settle.js:17:12)\n    at IncomingMessage.handleStreamEnd (node_modules/axios/lib/adapters/http.js:244:11)\n    at endReadableNT (internal/streams/readable.js:1327:12)\n    at processTicksAndRejections (internal/process/task_queues.js:80:21)",
                "diff": null
              },
              "uuid": "28367b2b-203b-42dd-914a-f1476ab17352",
              "parentUUID": "abea1f4d-d5be-44ae-91c6-f0ee4f9480b2",
              "isHook": false,
              "skipped": false
            },
            {
              "title": "from the phone number, it should return the contact with at least 1 phone number 14085960452",
              "fullTitle": "full test suite from the phone number, it should return the contact with at least 1 phone number 14085960452",
              "timedOut": false,
              "duration": 244,
              "state": "failed",
              "speed": null,
              "pass": false,
              "fail": true,
              "pending": false,
              "context": null,
              "code": "process.bind(this)(test, done);",
              "err": {
                "message": "Error: Request failed with status code 429",
                "estack": "Error: Request failed with status code 429\n    at createError (node_modules/axios/lib/core/createError.js:16:15)\n    at settle (node_modules/axios/lib/core/settle.js:17:12)\n    at IncomingMessage.handleStreamEnd (node_modules/axios/lib/adapters/http.js:244:11)\n    at endReadableNT (internal/streams/readable.js:1327:12)\n    at processTicksAndRejections (internal/process/task_queues.js:80:21)",
                "diff": null
              },
              "uuid": "cb9911d6-2dc3-4a9a-876c-2cdd4bc9b162",
              "parentUUID": "abea1f4d-d5be-44ae-91c6-f0ee4f9480b2",
              "isHook": false,
              "skipped": false
            },
            {
              "title": "from the phone number, it should return the contact with at least 1 phone number 13238397523",
              "fullTitle": "full test suite from the phone number, it should return the contact with at least 1 phone number 13238397523",
              "timedOut": false,
              "duration": 196,
              "state": "failed",
              "speed": null,
              "pass": false,
              "fail": true,
              "pending": false,
              "context": null,
              "code": "process.bind(this)(test, done);",
              "err": {
                "message": "Error: Request failed with status code 429",
                "estack": "Error: Request failed with status code 429\n    at createError (node_modules/axios/lib/core/createError.js:16:15)\n    at settle (node_modules/axios/lib/core/settle.js:17:12)\n    at IncomingMessage.handleStreamEnd (node_modules/axios/lib/adapters/http.js:244:11)\n    at endReadableNT (internal/streams/readable.js:1327:12)\n    at processTicksAndRejections (internal/process/task_queues.js:80:21)",
                "diff": null
              },
              "uuid": "801ec577-3caf-45ac-9c9e-135691cc945d",
              "parentUUID": "abea1f4d-d5be-44ae-91c6-f0ee4f9480b2",
              "isHook": false,
              "skipped": false
            },
            {
              "title": "from the phone number, it should return the contact with a job title 14085404472",
              "fullTitle": "full test suite from the phone number, it should return the contact with a job title 14085404472",
              "timedOut": false,
              "duration": 238,
              "state": "failed",
              "speed": null,
              "pass": false,
              "fail": true,
              "pending": false,
              "context": null,
              "code": "process.bind(this)(test, done);",
              "err": {
                "message": "Error: Request failed with status code 429",
                "estack": "Error: Request failed with status code 429\n    at createError (node_modules/axios/lib/core/createError.js:16:15)\n    at settle (node_modules/axios/lib/core/settle.js:17:12)\n    at IncomingMessage.handleStreamEnd (node_modules/axios/lib/adapters/http.js:244:11)\n    at endReadableNT (internal/streams/readable.js:1327:12)\n    at processTicksAndRejections (internal/process/task_queues.js:80:21)",
                "diff": null
              },
              "uuid": "1f39a8dd-96e4-4a52-8421-4c1496ad33f3",
              "parentUUID": "abea1f4d-d5be-44ae-91c6-f0ee4f9480b2",
              "isHook": false,
              "skipped": false
            },
            {
              "title": "from the phone number, it should return the contact with a job title 14083345374",
              "fullTitle": "full test suite from the phone number, it should return the contact with a job title 14083345374",
              "timedOut": false,
              "duration": 418,
              "state": "failed",
              "speed": null,
              "pass": false,
              "fail": true,
              "pending": false,
              "context": null,
              "code": "process.bind(this)(test, done);",
              "err": {
                "message": "Error: Request failed with status code 429",
                "estack": "Error: Request failed with status code 429\n    at createError (node_modules/axios/lib/core/createError.js:16:15)\n    at settle (node_modules/axios/lib/core/settle.js:17:12)\n    at IncomingMessage.handleStreamEnd (node_modules/axios/lib/adapters/http.js:244:11)\n    at endReadableNT (internal/streams/readable.js:1327:12)\n    at processTicksAndRejections (internal/process/task_queues.js:80:21)",
                "diff": null
              },
              "uuid": "c7786aa6-2a69-4229-b0ec-a5f43445c4b7",
              "parentUUID": "abea1f4d-d5be-44ae-91c6-f0ee4f9480b2",
              "isHook": false,
              "skipped": false
            },
            {
              "title": "from the phone number, it should return the contact with a job title 14089925567",
              "fullTitle": "full test suite from the phone number, it should return the contact with a job title 14089925567",
              "timedOut": false,
              "duration": 300,
              "state": "failed",
              "speed": null,
              "pass": false,
              "fail": true,
              "pending": false,
              "context": null,
              "code": "process.bind(this)(test, done);",
              "err": {
                "message": "Error: Request failed with status code 429",
                "estack": "Error: Request failed with status code 429\n    at createError (node_modules/axios/lib/core/createError.js:16:15)\n    at settle (node_modules/axios/lib/core/settle.js:17:12)\n    at IncomingMessage.handleStreamEnd (node_modules/axios/lib/adapters/http.js:244:11)\n    at endReadableNT (internal/streams/readable.js:1327:12)\n    at processTicksAndRejections (internal/process/task_queues.js:80:21)",
                "diff": null
              },
              "uuid": "2419a8ba-464f-4926-beb6-50c028b40b44",
              "parentUUID": "abea1f4d-d5be-44ae-91c6-f0ee4f9480b2",
              "isHook": false,
              "skipped": false
            },
            {
              "title": "from the phone number, it should return the contact with a job title 14088219535",
              "fullTitle": "full test suite from the phone number, it should return the contact with a job title 14088219535",
              "timedOut": false,
              "duration": 230,
              "state": "failed",
              "speed": null,
              "pass": false,
              "fail": true,
              "pending": false,
              "context": null,
              "code": "process.bind(this)(test, done);",
              "err": {
                "message": "Error: Request failed with status code 429",
                "estack": "Error: Request failed with status code 429\n    at createError (node_modules/axios/lib/core/createError.js:16:15)\n    at settle (node_modules/axios/lib/core/settle.js:17:12)\n    at IncomingMessage.handleStreamEnd (node_modules/axios/lib/adapters/http.js:244:11)\n    at endReadableNT (internal/streams/readable.js:1327:12)\n    at processTicksAndRejections (internal/process/task_queues.js:80:21)",
                "diff": null
              },
              "uuid": "2458ca56-0e3e-41f4-a8e2-aa3b1d6f22b9",
              "parentUUID": "abea1f4d-d5be-44ae-91c6-f0ee4f9480b2",
              "isHook": false,
              "skipped": false
            },
            {
              "title": "from the phone number, it should return the contact with a job title 13128053914",
              "fullTitle": "full test suite from the phone number, it should return the contact with a job title 13128053914",
              "timedOut": false,
              "duration": 317,
              "state": "failed",
              "speed": null,
              "pass": false,
              "fail": true,
              "pending": false,
              "context": null,
              "code": "process.bind(this)(test, done);",
              "err": {
                "message": "Error: Request failed with status code 429",
                "estack": "Error: Request failed with status code 429\n    at createError (node_modules/axios/lib/core/createError.js:16:15)\n    at settle (node_modules/axios/lib/core/settle.js:17:12)\n    at IncomingMessage.handleStreamEnd (node_modules/axios/lib/adapters/http.js:244:11)\n    at endReadableNT (internal/streams/readable.js:1327:12)\n    at processTicksAndRejections (internal/process/task_queues.js:80:21)",
                "diff": null
              },
              "uuid": "d20b1787-8656-4f5a-adbe-a657fe549f3a",
              "parentUUID": "abea1f4d-d5be-44ae-91c6-f0ee4f9480b2",
              "isHook": false,
              "skipped": false
            },
            {
              "title": "from the phone number, it should return the contact with a job title 14084586003",
              "fullTitle": "full test suite from the phone number, it should return the contact with a job title 14084586003",
              "timedOut": false,
              "duration": 234,
              "state": "failed",
              "speed": null,
              "pass": false,
              "fail": true,
              "pending": false,
              "context": null,
              "code": "process.bind(this)(test, done);",
              "err": {
                "message": "Error: Request failed with status code 429",
                "estack": "Error: Request failed with status code 429\n    at createError (node_modules/axios/lib/core/createError.js:16:15)\n    at settle (node_modules/axios/lib/core/settle.js:17:12)\n    at IncomingMessage.handleStreamEnd (node_modules/axios/lib/adapters/http.js:244:11)\n    at endReadableNT (internal/streams/readable.js:1327:12)\n    at processTicksAndRejections (internal/process/task_queues.js:80:21)",
                "diff": null
              },
              "uuid": "0c6cff65-f832-4ea5-bd49-f30f79a45b01",
              "parentUUID": "abea1f4d-d5be-44ae-91c6-f0ee4f9480b2",
              "isHook": false,
              "skipped": false
            },
            {
              "title": "from the phone number, it should return the contact with a job title 14084586004",
              "fullTitle": "full test suite from the phone number, it should return the contact with a job title 14084586004",
              "timedOut": false,
              "duration": 266,
              "state": "failed",
              "speed": null,
              "pass": false,
              "fail": true,
              "pending": false,
              "context": null,
              "code": "process.bind(this)(test, done);",
              "err": {
                "message": "Error: Request failed with status code 429",
                "estack": "Error: Request failed with status code 429\n    at createError (node_modules/axios/lib/core/createError.js:16:15)\n    at settle (node_modules/axios/lib/core/settle.js:17:12)\n    at IncomingMessage.handleStreamEnd (node_modules/axios/lib/adapters/http.js:244:11)\n    at endReadableNT (internal/streams/readable.js:1327:12)\n    at processTicksAndRejections (internal/process/task_queues.js:80:21)",
                "diff": null
              },
              "uuid": "8c63cd57-dba6-4e77-bc1e-151c537fb343",
              "parentUUID": "abea1f4d-d5be-44ae-91c6-f0ee4f9480b2",
              "isHook": false,
              "skipped": false
            },
            {
              "title": "from the phone number, it should return the contact with a job title 14085960452",
              "fullTitle": "full test suite from the phone number, it should return the contact with a job title 14085960452",
              "timedOut": false,
              "duration": 199,
              "state": "failed",
              "speed": null,
              "pass": false,
              "fail": true,
              "pending": false,
              "context": null,
              "code": "process.bind(this)(test, done);",
              "err": {
                "message": "Error: Request failed with status code 429",
                "estack": "Error: Request failed with status code 429\n    at createError (node_modules/axios/lib/core/createError.js:16:15)\n    at settle (node_modules/axios/lib/core/settle.js:17:12)\n    at IncomingMessage.handleStreamEnd (node_modules/axios/lib/adapters/http.js:244:11)\n    at endReadableNT (internal/streams/readable.js:1327:12)\n    at processTicksAndRejections (internal/process/task_queues.js:80:21)",
                "diff": null
              },
              "uuid": "574a367e-0052-43cb-9c62-90d942dce9f2",
              "parentUUID": "abea1f4d-d5be-44ae-91c6-f0ee4f9480b2",
              "isHook": false,
              "skipped": false
            },
            {
              "title": "from the phone number, it should return the contact with a job title 13238397523",
              "fullTitle": "full test suite from the phone number, it should return the contact with a job title 13238397523",
              "timedOut": false,
              "duration": 348,
              "state": "failed",
              "speed": null,
              "pass": false,
              "fail": true,
              "pending": false,
              "context": null,
              "code": "process.bind(this)(test, done);",
              "err": {
                "message": "Error: Request failed with status code 429",
                "estack": "Error: Request failed with status code 429\n    at createError (node_modules/axios/lib/core/createError.js:16:15)\n    at settle (node_modules/axios/lib/core/settle.js:17:12)\n    at IncomingMessage.handleStreamEnd (node_modules/axios/lib/adapters/http.js:244:11)\n    at endReadableNT (internal/streams/readable.js:1327:12)\n    at processTicksAndRejections (internal/process/task_queues.js:80:21)",
                "diff": null
              },
              "uuid": "9da19e62-daad-475a-be23-e32bd586502b",
              "parentUUID": "abea1f4d-d5be-44ae-91c6-f0ee4f9480b2",
              "isHook": false,
              "skipped": false
            },
            {
              "title": "from the phone number, it should return the contact with a linkedin_url 14085404472",
              "fullTitle": "full test suite from the phone number, it should return the contact with a linkedin_url 14085404472",
              "timedOut": false,
              "duration": 191,
              "state": "failed",
              "speed": null,
              "pass": false,
              "fail": true,
              "pending": false,
              "context": null,
              "code": "process.bind(this)(test, done);",
              "err": {
                "message": "Error: Request failed with status code 429",
                "estack": "Error: Request failed with status code 429\n    at createError (node_modules/axios/lib/core/createError.js:16:15)\n    at settle (node_modules/axios/lib/core/settle.js:17:12)\n    at IncomingMessage.handleStreamEnd (node_modules/axios/lib/adapters/http.js:244:11)\n    at endReadableNT (internal/streams/readable.js:1327:12)\n    at processTicksAndRejections (internal/process/task_queues.js:80:21)",
                "diff": null
              },
              "uuid": "6df3db7a-37c1-4c84-90a8-fbb3e33f4491",
              "parentUUID": "abea1f4d-d5be-44ae-91c6-f0ee4f9480b2",
              "isHook": false,
              "skipped": false
            },
            {
              "title": "from the phone number, it should return the contact with a linkedin_url 14083345374",
              "fullTitle": "full test suite from the phone number, it should return the contact with a linkedin_url 14083345374",
              "timedOut": false,
              "duration": 229,
              "state": "failed",
              "speed": null,
              "pass": false,
              "fail": true,
              "pending": false,
              "context": null,
              "code": "process.bind(this)(test, done);",
              "err": {
                "message": "Error: Request failed with status code 429",
                "estack": "Error: Request failed with status code 429\n    at createError (node_modules/axios/lib/core/createError.js:16:15)\n    at settle (node_modules/axios/lib/core/settle.js:17:12)\n    at IncomingMessage.handleStreamEnd (node_modules/axios/lib/adapters/http.js:244:11)\n    at endReadableNT (internal/streams/readable.js:1327:12)\n    at processTicksAndRejections (internal/process/task_queues.js:80:21)",
                "diff": null
              },
              "uuid": "e0b139cb-1dcd-456b-95b8-6a09f1014ece",
              "parentUUID": "abea1f4d-d5be-44ae-91c6-f0ee4f9480b2",
              "isHook": false,
              "skipped": false
            },
            {
              "title": "from the phone number, it should return the contact with a linkedin_url 14089925567",
              "fullTitle": "full test suite from the phone number, it should return the contact with a linkedin_url 14089925567",
              "timedOut": false,
              "duration": 203,
              "state": "failed",
              "speed": null,
              "pass": false,
              "fail": true,
              "pending": false,
              "context": null,
              "code": "process.bind(this)(test, done);",
              "err": {
                "message": "Error: Request failed with status code 429",
                "estack": "Error: Request failed with status code 429\n    at createError (node_modules/axios/lib/core/createError.js:16:15)\n    at settle (node_modules/axios/lib/core/settle.js:17:12)\n    at IncomingMessage.handleStreamEnd (node_modules/axios/lib/adapters/http.js:244:11)\n    at endReadableNT (internal/streams/readable.js:1327:12)\n    at processTicksAndRejections (internal/process/task_queues.js:80:21)",
                "diff": null
              },
              "uuid": "a0eb7b60-0a5a-413e-b29d-8398102308c0",
              "parentUUID": "abea1f4d-d5be-44ae-91c6-f0ee4f9480b2",
              "isHook": false,
              "skipped": false
            },
            {
              "title": "from the phone number, it should return the contact with a linkedin_url 14088219535",
              "fullTitle": "full test suite from the phone number, it should return the contact with a linkedin_url 14088219535",
              "timedOut": false,
              "duration": 422,
              "state": "failed",
              "speed": null,
              "pass": false,
              "fail": true,
              "pending": false,
              "context": null,
              "code": "process.bind(this)(test, done);",
              "err": {
                "message": "Error: Request failed with status code 429",
                "estack": "Error: Request failed with status code 429\n    at createError (node_modules/axios/lib/core/createError.js:16:15)\n    at settle (node_modules/axios/lib/core/settle.js:17:12)\n    at IncomingMessage.handleStreamEnd (node_modules/axios/lib/adapters/http.js:244:11)\n    at endReadableNT (internal/streams/readable.js:1327:12)\n    at processTicksAndRejections (internal/process/task_queues.js:80:21)",
                "diff": null
              },
              "uuid": "ecb5e881-eacc-467a-a63a-43f80ed274df",
              "parentUUID": "abea1f4d-d5be-44ae-91c6-f0ee4f9480b2",
              "isHook": false,
              "skipped": false
            },
            {
              "title": "from the phone number, it should return the contact with a linkedin_url 13128053914",
              "fullTitle": "full test suite from the phone number, it should return the contact with a linkedin_url 13128053914",
              "timedOut": false,
              "duration": 220,
              "state": "failed",
              "speed": null,
              "pass": false,
              "fail": true,
              "pending": false,
              "context": null,
              "code": "process.bind(this)(test, done);",
              "err": {
                "message": "Error: Request failed with status code 429",
                "estack": "Error: Request failed with status code 429\n    at createError (node_modules/axios/lib/core/createError.js:16:15)\n    at settle (node_modules/axios/lib/core/settle.js:17:12)\n    at IncomingMessage.handleStreamEnd (node_modules/axios/lib/adapters/http.js:244:11)\n    at endReadableNT (internal/streams/readable.js:1327:12)\n    at processTicksAndRejections (internal/process/task_queues.js:80:21)",
                "diff": null
              },
              "uuid": "017ffc1c-f01f-419b-afd4-4756d089d41b",
              "parentUUID": "abea1f4d-d5be-44ae-91c6-f0ee4f9480b2",
              "isHook": false,
              "skipped": false
            },
            {
              "title": "from the phone number, it should return the contact with a linkedin_url 14084586003",
              "fullTitle": "full test suite from the phone number, it should return the contact with a linkedin_url 14084586003",
              "timedOut": false,
              "duration": 288,
              "state": "failed",
              "speed": null,
              "pass": false,
              "fail": true,
              "pending": false,
              "context": null,
              "code": "process.bind(this)(test, done);",
              "err": {
                "message": "Error: Request failed with status code 429",
                "estack": "Error: Request failed with status code 429\n    at createError (node_modules/axios/lib/core/createError.js:16:15)\n    at settle (node_modules/axios/lib/core/settle.js:17:12)\n    at IncomingMessage.handleStreamEnd (node_modules/axios/lib/adapters/http.js:244:11)\n    at endReadableNT (internal/streams/readable.js:1327:12)\n    at processTicksAndRejections (internal/process/task_queues.js:80:21)",
                "diff": null
              },
              "uuid": "ea826879-2e6e-4cc6-96b9-d48d2b4ec735",
              "parentUUID": "abea1f4d-d5be-44ae-91c6-f0ee4f9480b2",
              "isHook": false,
              "skipped": false
            },
            {
              "title": "from the phone number, it should return the contact with a linkedin_url 14084586004",
              "fullTitle": "full test suite from the phone number, it should return the contact with a linkedin_url 14084586004",
              "timedOut": false,
              "duration": 227,
              "state": "failed",
              "speed": null,
              "pass": false,
              "fail": true,
              "pending": false,
              "context": null,
              "code": "process.bind(this)(test, done);",
              "err": {
                "message": "Error: Request failed with status code 429",
                "estack": "Error: Request failed with status code 429\n    at createError (node_modules/axios/lib/core/createError.js:16:15)\n    at settle (node_modules/axios/lib/core/settle.js:17:12)\n    at IncomingMessage.handleStreamEnd (node_modules/axios/lib/adapters/http.js:244:11)\n    at endReadableNT (internal/streams/readable.js:1327:12)\n    at processTicksAndRejections (internal/process/task_queues.js:80:21)",
                "diff": null
              },
              "uuid": "054e5299-e351-4dc7-beef-a791b33da3f4",
              "parentUUID": "abea1f4d-d5be-44ae-91c6-f0ee4f9480b2",
              "isHook": false,
              "skipped": false
            },
            {
              "title": "from the phone number, it should return the contact with a linkedin_url 14085960452",
              "fullTitle": "full test suite from the phone number, it should return the contact with a linkedin_url 14085960452",
              "timedOut": false,
              "duration": 311,
              "state": "failed",
              "speed": null,
              "pass": false,
              "fail": true,
              "pending": false,
              "context": null,
              "code": "process.bind(this)(test, done);",
              "err": {
                "message": "Error: Request failed with status code 429",
                "estack": "Error: Request failed with status code 429\n    at createError (node_modules/axios/lib/core/createError.js:16:15)\n    at settle (node_modules/axios/lib/core/settle.js:17:12)\n    at IncomingMessage.handleStreamEnd (node_modules/axios/lib/adapters/http.js:244:11)\n    at endReadableNT (internal/streams/readable.js:1327:12)\n    at processTicksAndRejections (internal/process/task_queues.js:80:21)",
                "diff": null
              },
              "uuid": "37c0e49e-05ec-4c50-9f6c-554e86ae3131",
              "parentUUID": "abea1f4d-d5be-44ae-91c6-f0ee4f9480b2",
              "isHook": false,
              "skipped": false
            },
            {
              "title": "from the phone number, it should return the contact with a linkedin_url 13238397523",
              "fullTitle": "full test suite from the phone number, it should return the contact with a linkedin_url 13238397523",
              "timedOut": false,
              "duration": 223,
              "state": "failed",
              "speed": null,
              "pass": false,
              "fail": true,
              "pending": false,
              "context": null,
              "code": "process.bind(this)(test, done);",
              "err": {
                "message": "Error: Request failed with status code 429",
                "estack": "Error: Request failed with status code 429\n    at createError (node_modules/axios/lib/core/createError.js:16:15)\n    at settle (node_modules/axios/lib/core/settle.js:17:12)\n    at IncomingMessage.handleStreamEnd (node_modules/axios/lib/adapters/http.js:244:11)\n    at endReadableNT (internal/streams/readable.js:1327:12)\n    at processTicksAndRejections (internal/process/task_queues.js:80:21)",
                "diff": null
              },
              "uuid": "d4140763-9e6d-4f69-abc4-b74ae2dc0181",
              "parentUUID": "abea1f4d-d5be-44ae-91c6-f0ee4f9480b2",
              "isHook": false,
              "skipped": false
            },
            {
              "title": "from the phone number, it should return the contact with a linkedinId 14085404472",
              "fullTitle": "full test suite from the phone number, it should return the contact with a linkedinId 14085404472",
              "timedOut": false,
              "duration": 285,
              "state": "failed",
              "speed": null,
              "pass": false,
              "fail": true,
              "pending": false,
              "context": null,
              "code": "process.bind(this)(test, done);",
              "err": {
                "message": "Error: Request failed with status code 429",
                "estack": "Error: Request failed with status code 429\n    at createError (node_modules/axios/lib/core/createError.js:16:15)\n    at settle (node_modules/axios/lib/core/settle.js:17:12)\n    at IncomingMessage.handleStreamEnd (node_modules/axios/lib/adapters/http.js:244:11)\n    at endReadableNT (internal/streams/readable.js:1327:12)\n    at processTicksAndRejections (internal/process/task_queues.js:80:21)",
                "diff": null
              },
              "uuid": "903b08e0-daa0-460e-b5be-5d2606dcadd4",
              "parentUUID": "abea1f4d-d5be-44ae-91c6-f0ee4f9480b2",
              "isHook": false,
              "skipped": false
            },
            {
              "title": "from the phone number, it should return the contact with a linkedinId 14083345374",
              "fullTitle": "full test suite from the phone number, it should return the contact with a linkedinId 14083345374",
              "timedOut": false,
              "duration": 212,
              "state": "failed",
              "speed": null,
              "pass": false,
              "fail": true,
              "pending": false,
              "context": null,
              "code": "process.bind(this)(test, done);",
              "err": {
                "message": "Error: Request failed with status code 429",
                "estack": "Error: Request failed with status code 429\n    at createError (node_modules/axios/lib/core/createError.js:16:15)\n    at settle (node_modules/axios/lib/core/settle.js:17:12)\n    at IncomingMessage.handleStreamEnd (node_modules/axios/lib/adapters/http.js:244:11)\n    at endReadableNT (internal/streams/readable.js:1327:12)\n    at processTicksAndRejections (internal/process/task_queues.js:80:21)",
                "diff": null
              },
              "uuid": "d04eca72-6786-49ee-904d-5a20660cd2d1",
              "parentUUID": "abea1f4d-d5be-44ae-91c6-f0ee4f9480b2",
              "isHook": false,
              "skipped": false
            },
            {
              "title": "from the phone number, it should return the contact with a linkedinId 14089925567",
              "fullTitle": "full test suite from the phone number, it should return the contact with a linkedinId 14089925567",
              "timedOut": false,
              "duration": 325,
              "state": "failed",
              "speed": null,
              "pass": false,
              "fail": true,
              "pending": false,
              "context": null,
              "code": "process.bind(this)(test, done);",
              "err": {
                "message": "Error: Request failed with status code 429",
                "estack": "Error: Request failed with status code 429\n    at createError (node_modules/axios/lib/core/createError.js:16:15)\n    at settle (node_modules/axios/lib/core/settle.js:17:12)\n    at IncomingMessage.handleStreamEnd (node_modules/axios/lib/adapters/http.js:244:11)\n    at endReadableNT (internal/streams/readable.js:1327:12)\n    at processTicksAndRejections (internal/process/task_queues.js:80:21)",
                "diff": null
              },
              "uuid": "deaeef00-17cc-4c56-aea2-ef3f57e0813b",
              "parentUUID": "abea1f4d-d5be-44ae-91c6-f0ee4f9480b2",
              "isHook": false,
              "skipped": false
            },
            {
              "title": "from the phone number, it should return the contact with a linkedinId 14088219535",
              "fullTitle": "full test suite from the phone number, it should return the contact with a linkedinId 14088219535",
              "timedOut": false,
              "duration": 198,
              "state": "failed",
              "speed": null,
              "pass": false,
              "fail": true,
              "pending": false,
              "context": null,
              "code": "process.bind(this)(test, done);",
              "err": {
                "message": "Error: Request failed with status code 429",
                "estack": "Error: Request failed with status code 429\n    at createError (node_modules/axios/lib/core/createError.js:16:15)\n    at settle (node_modules/axios/lib/core/settle.js:17:12)\n    at IncomingMessage.handleStreamEnd (node_modules/axios/lib/adapters/http.js:244:11)\n    at endReadableNT (internal/streams/readable.js:1327:12)\n    at processTicksAndRejections (internal/process/task_queues.js:80:21)",
                "diff": null
              },
              "uuid": "fae55d29-a481-4c3a-9d26-09dbb161d73b",
              "parentUUID": "abea1f4d-d5be-44ae-91c6-f0ee4f9480b2",
              "isHook": false,
              "skipped": false
            },
            {
              "title": "from the phone number, it should return the contact with a linkedinId 13128053914",
              "fullTitle": "full test suite from the phone number, it should return the contact with a linkedinId 13128053914",
              "timedOut": false,
              "duration": 308,
              "state": "failed",
              "speed": null,
              "pass": false,
              "fail": true,
              "pending": false,
              "context": null,
              "code": "process.bind(this)(test, done);",
              "err": {
                "message": "Error: Request failed with status code 429",
                "estack": "Error: Request failed with status code 429\n    at createError (node_modules/axios/lib/core/createError.js:16:15)\n    at settle (node_modules/axios/lib/core/settle.js:17:12)\n    at IncomingMessage.handleStreamEnd (node_modules/axios/lib/adapters/http.js:244:11)\n    at endReadableNT (internal/streams/readable.js:1327:12)\n    at processTicksAndRejections (internal/process/task_queues.js:80:21)",
                "diff": null
              },
              "uuid": "5c09e375-5c26-4b9e-b564-33930c5616ff",
              "parentUUID": "abea1f4d-d5be-44ae-91c6-f0ee4f9480b2",
              "isHook": false,
              "skipped": false
            },
            {
              "title": "from the phone number, it should return the contact with a linkedinId 14084586003",
              "fullTitle": "full test suite from the phone number, it should return the contact with a linkedinId 14084586003",
              "timedOut": false,
              "duration": 190,
              "state": "failed",
              "speed": null,
              "pass": false,
              "fail": true,
              "pending": false,
              "context": null,
              "code": "process.bind(this)(test, done);",
              "err": {
                "message": "Error: Request failed with status code 429",
                "estack": "Error: Request failed with status code 429\n    at createError (node_modules/axios/lib/core/createError.js:16:15)\n    at settle (node_modules/axios/lib/core/settle.js:17:12)\n    at IncomingMessage.handleStreamEnd (node_modules/axios/lib/adapters/http.js:244:11)\n    at endReadableNT (internal/streams/readable.js:1327:12)\n    at processTicksAndRejections (internal/process/task_queues.js:80:21)",
                "diff": null
              },
              "uuid": "8ab47b3c-394d-44e9-b751-1b674590647d",
              "parentUUID": "abea1f4d-d5be-44ae-91c6-f0ee4f9480b2",
              "isHook": false,
              "skipped": false
            },
            {
              "title": "from the phone number, it should return the contact with a linkedinId 14084586004",
              "fullTitle": "full test suite from the phone number, it should return the contact with a linkedinId 14084586004",
              "timedOut": false,
              "duration": 348,
              "state": "failed",
              "speed": null,
              "pass": false,
              "fail": true,
              "pending": false,
              "context": null,
              "code": "process.bind(this)(test, done);",
              "err": {
                "message": "Error: Request failed with status code 429",
                "estack": "Error: Request failed with status code 429\n    at createError (node_modules/axios/lib/core/createError.js:16:15)\n    at settle (node_modules/axios/lib/core/settle.js:17:12)\n    at IncomingMessage.handleStreamEnd (node_modules/axios/lib/adapters/http.js:244:11)\n    at endReadableNT (internal/streams/readable.js:1327:12)\n    at processTicksAndRejections (internal/process/task_queues.js:80:21)",
                "diff": null
              },
              "uuid": "edc1d977-7097-4113-a765-93fc81b9b503",
              "parentUUID": "abea1f4d-d5be-44ae-91c6-f0ee4f9480b2",
              "isHook": false,
              "skipped": false
            },
            {
              "title": "from the phone number, it should return the contact with a linkedinId 14085960452",
              "fullTitle": "full test suite from the phone number, it should return the contact with a linkedinId 14085960452",
              "timedOut": false,
              "duration": 190,
              "state": "failed",
              "speed": null,
              "pass": false,
              "fail": true,
              "pending": false,
              "context": null,
              "code": "process.bind(this)(test, done);",
              "err": {
                "message": "Error: Request failed with status code 429",
                "estack": "Error: Request failed with status code 429\n    at createError (node_modules/axios/lib/core/createError.js:16:15)\n    at settle (node_modules/axios/lib/core/settle.js:17:12)\n    at IncomingMessage.handleStreamEnd (node_modules/axios/lib/adapters/http.js:244:11)\n    at endReadableNT (internal/streams/readable.js:1327:12)\n    at processTicksAndRejections (internal/process/task_queues.js:80:21)",
                "diff": null
              },
              "uuid": "0a1faf75-991d-4aa0-8e7e-36a24d7635af",
              "parentUUID": "abea1f4d-d5be-44ae-91c6-f0ee4f9480b2",
              "isHook": false,
              "skipped": false
            },
            {
              "title": "from the phone number, it should return the contact with a linkedinId 13238397523",
              "fullTitle": "full test suite from the phone number, it should return the contact with a linkedinId 13238397523",
              "timedOut": false,
              "duration": 207,
              "state": "failed",
              "speed": null,
              "pass": false,
              "fail": true,
              "pending": false,
              "context": null,
              "code": "process.bind(this)(test, done);",
              "err": {
                "message": "Error: Request failed with status code 429",
                "estack": "Error: Request failed with status code 429\n    at createError (node_modules/axios/lib/core/createError.js:16:15)\n    at settle (node_modules/axios/lib/core/settle.js:17:12)\n    at IncomingMessage.handleStreamEnd (node_modules/axios/lib/adapters/http.js:244:11)\n    at endReadableNT (internal/streams/readable.js:1327:12)\n    at processTicksAndRejections (internal/process/task_queues.js:80:21)",
                "diff": null
              },
              "uuid": "09ee5cd4-185b-4ec8-9f6b-5cc43da80909",
              "parentUUID": "abea1f4d-d5be-44ae-91c6-f0ee4f9480b2",
              "isHook": false,
              "skipped": false
            },
            {
              "title": "from the person's name and current company, it should return the contact with at least 1 email, { name: 'Ryan Livinghouse', company: 'Workday' }",
              "fullTitle": "full test suite from the person's name and current company, it should return the contact with at least 1 email, { name: 'Ryan Livinghouse', company: 'Workday' }",
              "timedOut": false,
              "duration": 191,
              "state": "failed",
              "speed": null,
              "pass": false,
              "fail": true,
              "pending": false,
              "context": null,
              "code": "process.bind(this)(test, done);",
              "err": {
                "message": "Error: Request failed with status code 429",
                "estack": "Error: Request failed with status code 429\n    at createError (node_modules/axios/lib/core/createError.js:16:15)\n    at settle (node_modules/axios/lib/core/settle.js:17:12)\n    at IncomingMessage.handleStreamEnd (node_modules/axios/lib/adapters/http.js:244:11)\n    at endReadableNT (internal/streams/readable.js:1327:12)\n    at processTicksAndRejections (internal/process/task_queues.js:80:21)",
                "diff": null
              },
              "uuid": "c75db2a5-be07-4e86-9f59-33d480d9a95c",
              "parentUUID": "abea1f4d-d5be-44ae-91c6-f0ee4f9480b2",
              "isHook": false,
              "skipped": false
            },
            {
              "title": "from the person's name and current company, it should return the contact with at least 1 email, { name: 'Ross Goldberg', company: 'Raytheon' }",
              "fullTitle": "full test suite from the person's name and current company, it should return the contact with at least 1 email, { name: 'Ross Goldberg', company: 'Raytheon' }",
              "timedOut": false,
              "duration": 188,
              "state": "failed",
              "speed": null,
              "pass": false,
              "fail": true,
              "pending": false,
              "context": null,
              "code": "process.bind(this)(test, done);",
              "err": {
                "message": "Error: Request failed with status code 429",
                "estack": "Error: Request failed with status code 429\n    at createError (node_modules/axios/lib/core/createError.js:16:15)\n    at settle (node_modules/axios/lib/core/settle.js:17:12)\n    at IncomingMessage.handleStreamEnd (node_modules/axios/lib/adapters/http.js:244:11)\n    at endReadableNT (internal/streams/readable.js:1327:12)\n    at processTicksAndRejections (internal/process/task_queues.js:80:21)",
                "diff": null
              },
              "uuid": "d9095290-acf3-4938-b53a-8e787ca02a35",
              "parentUUID": "abea1f4d-d5be-44ae-91c6-f0ee4f9480b2",
              "isHook": false,
              "skipped": false
            },
            {
              "title": "from the person's name and current company, it should return the contact with at least 1 email, { name: 'Alec Livinghouse', company: 'InnoceanUSA' }",
              "fullTitle": "full test suite from the person's name and current company, it should return the contact with at least 1 email, { name: 'Alec Livinghouse', company: 'InnoceanUSA' }",
              "timedOut": false,
              "duration": 396,
              "state": "failed",
              "speed": null,
              "pass": false,
              "fail": true,
              "pending": false,
              "context": null,
              "code": "process.bind(this)(test, done);",
              "err": {
                "message": "Error: Request failed with status code 429",
                "estack": "Error: Request failed with status code 429\n    at createError (node_modules/axios/lib/core/createError.js:16:15)\n    at settle (node_modules/axios/lib/core/settle.js:17:12)\n    at IncomingMessage.handleStreamEnd (node_modules/axios/lib/adapters/http.js:244:11)\n    at endReadableNT (internal/streams/readable.js:1327:12)\n    at processTicksAndRejections (internal/process/task_queues.js:80:21)",
                "diff": null
              },
              "uuid": "c692fdf4-0fc9-4eb5-98c1-f8bc67ed9249",
              "parentUUID": "abea1f4d-d5be-44ae-91c6-f0ee4f9480b2",
              "isHook": false,
              "skipped": false
            },
            {
              "title": "from the person's name and current company, it should return the contact with at least 1 email, { name: 'Aryan Zaferani', company: 'Pariveda Solutions' }",
              "fullTitle": "full test suite from the person's name and current company, it should return the contact with at least 1 email, { name: 'Aryan Zaferani', company: 'Pariveda Solutions' }",
              "timedOut": false,
              "duration": 264,
              "state": "failed",
              "speed": null,
              "pass": false,
              "fail": true,
              "pending": false,
              "context": null,
              "code": "process.bind(this)(test, done);",
              "err": {
                "message": "Error: Request failed with status code 429",
                "estack": "Error: Request failed with status code 429\n    at createError (node_modules/axios/lib/core/createError.js:16:15)\n    at settle (node_modules/axios/lib/core/settle.js:17:12)\n    at IncomingMessage.handleStreamEnd (node_modules/axios/lib/adapters/http.js:244:11)\n    at endReadableNT (internal/streams/readable.js:1327:12)\n    at processTicksAndRejections (internal/process/task_queues.js:80:21)",
                "diff": null
              },
              "uuid": "f4ef1128-c6fc-4aed-b7cf-2930d651139e",
              "parentUUID": "abea1f4d-d5be-44ae-91c6-f0ee4f9480b2",
              "isHook": false,
              "skipped": false
            },
            {
              "title": "from the person's name and current company, it should return the contact with at least 1 phone number { name: 'Ryan Livinghouse', company: 'Workday' }",
              "fullTitle": "full test suite from the person's name and current company, it should return the contact with at least 1 phone number { name: 'Ryan Livinghouse', company: 'Workday' }",
              "timedOut": false,
              "duration": 242,
              "state": "failed",
              "speed": null,
              "pass": false,
              "fail": true,
              "pending": false,
              "context": null,
              "code": "process.bind(this)(test, done);",
              "err": {
                "message": "Error: Request failed with status code 429",
                "estack": "Error: Request failed with status code 429\n    at createError (node_modules/axios/lib/core/createError.js:16:15)\n    at settle (node_modules/axios/lib/core/settle.js:17:12)\n    at IncomingMessage.handleStreamEnd (node_modules/axios/lib/adapters/http.js:244:11)\n    at endReadableNT (internal/streams/readable.js:1327:12)\n    at processTicksAndRejections (internal/process/task_queues.js:80:21)",
                "diff": null
              },
              "uuid": "50cfb79d-dcc1-48ea-ad5d-436e94a74ae5",
              "parentUUID": "abea1f4d-d5be-44ae-91c6-f0ee4f9480b2",
              "isHook": false,
              "skipped": false
            },
            {
              "title": "from the person's name and current company, it should return the contact with at least 1 phone number { name: 'Ross Goldberg', company: 'Raytheon' }",
              "fullTitle": "full test suite from the person's name and current company, it should return the contact with at least 1 phone number { name: 'Ross Goldberg', company: 'Raytheon' }",
              "timedOut": false,
              "duration": 1198,
              "state": "failed",
              "speed": null,
              "pass": false,
              "fail": true,
              "pending": false,
              "context": null,
              "code": "process.bind(this)(test, done);",
              "err": {
                "message": "Error: Request failed with status code 429",
                "estack": "Error: Request failed with status code 429\n    at createError (node_modules/axios/lib/core/createError.js:16:15)\n    at settle (node_modules/axios/lib/core/settle.js:17:12)\n    at IncomingMessage.handleStreamEnd (node_modules/axios/lib/adapters/http.js:244:11)\n    at endReadableNT (internal/streams/readable.js:1327:12)\n    at processTicksAndRejections (internal/process/task_queues.js:80:21)",
                "diff": null
              },
              "uuid": "eacf953b-ab12-4531-b148-84e6e430f219",
              "parentUUID": "abea1f4d-d5be-44ae-91c6-f0ee4f9480b2",
              "isHook": false,
              "skipped": false
            },
            {
              "title": "from the person's name and current company, it should return the contact with at least 1 phone number { name: 'Alec Livinghouse', company: 'InnoceanUSA' }",
              "fullTitle": "full test suite from the person's name and current company, it should return the contact with at least 1 phone number { name: 'Alec Livinghouse', company: 'InnoceanUSA' }",
              "timedOut": false,
              "duration": 431,
              "state": "failed",
              "speed": null,
              "pass": false,
              "fail": true,
              "pending": false,
              "context": null,
              "code": "process.bind(this)(test, done);",
              "err": {
                "message": "Error: Request failed with status code 429",
                "estack": "Error: Request failed with status code 429\n    at createError (node_modules/axios/lib/core/createError.js:16:15)\n    at settle (node_modules/axios/lib/core/settle.js:17:12)\n    at IncomingMessage.handleStreamEnd (node_modules/axios/lib/adapters/http.js:244:11)\n    at endReadableNT (internal/streams/readable.js:1327:12)\n    at processTicksAndRejections (internal/process/task_queues.js:80:21)",
                "diff": null
              },
              "uuid": "b7797bc5-a07d-4fbf-8984-9eae1435e9e9",
              "parentUUID": "abea1f4d-d5be-44ae-91c6-f0ee4f9480b2",
              "isHook": false,
              "skipped": false
            },
            {
              "title": "from the person's name and current company, it should return the contact with at least 1 phone number { name: 'Aryan Zaferani', company: 'Pariveda Solutions' }",
              "fullTitle": "full test suite from the person's name and current company, it should return the contact with at least 1 phone number { name: 'Aryan Zaferani', company: 'Pariveda Solutions' }",
              "timedOut": false,
              "duration": 221,
              "state": "failed",
              "speed": null,
              "pass": false,
              "fail": true,
              "pending": false,
              "context": null,
              "code": "process.bind(this)(test, done);",
              "err": {
                "message": "Error: Request failed with status code 429",
                "estack": "Error: Request failed with status code 429\n    at createError (node_modules/axios/lib/core/createError.js:16:15)\n    at settle (node_modules/axios/lib/core/settle.js:17:12)\n    at IncomingMessage.handleStreamEnd (node_modules/axios/lib/adapters/http.js:244:11)\n    at endReadableNT (internal/streams/readable.js:1327:12)\n    at processTicksAndRejections (internal/process/task_queues.js:80:21)",
                "diff": null
              },
              "uuid": "9d490788-be4e-403b-a7e7-b34d7a0fcd50",
              "parentUUID": "abea1f4d-d5be-44ae-91c6-f0ee4f9480b2",
              "isHook": false,
              "skipped": false
            },
            {
              "title": "from the person's name and current company, it should return the contact with a job title { name: 'Ryan Livinghouse', company: 'Workday' }",
              "fullTitle": "full test suite from the person's name and current company, it should return the contact with a job title { name: 'Ryan Livinghouse', company: 'Workday' }",
              "timedOut": false,
              "duration": 227,
              "state": "failed",
              "speed": null,
              "pass": false,
              "fail": true,
              "pending": false,
              "context": null,
              "code": "process.bind(this)(test, done);",
              "err": {
                "message": "Error: Request failed with status code 429",
                "estack": "Error: Request failed with status code 429\n    at createError (node_modules/axios/lib/core/createError.js:16:15)\n    at settle (node_modules/axios/lib/core/settle.js:17:12)\n    at IncomingMessage.handleStreamEnd (node_modules/axios/lib/adapters/http.js:244:11)\n    at endReadableNT (internal/streams/readable.js:1327:12)\n    at processTicksAndRejections (internal/process/task_queues.js:80:21)",
                "diff": null
              },
              "uuid": "5fcffb77-2732-412d-9fb4-88c3a5b9ce1d",
              "parentUUID": "abea1f4d-d5be-44ae-91c6-f0ee4f9480b2",
              "isHook": false,
              "skipped": false
            },
            {
              "title": "from the person's name and current company, it should return the contact with a job title { name: 'Ross Goldberg', company: 'Raytheon' }",
              "fullTitle": "full test suite from the person's name and current company, it should return the contact with a job title { name: 'Ross Goldberg', company: 'Raytheon' }",
              "timedOut": false,
              "duration": 427,
              "state": "failed",
              "speed": null,
              "pass": false,
              "fail": true,
              "pending": false,
              "context": null,
              "code": "process.bind(this)(test, done);",
              "err": {
                "message": "Error: Request failed with status code 429",
                "estack": "Error: Request failed with status code 429\n    at createError (node_modules/axios/lib/core/createError.js:16:15)\n    at settle (node_modules/axios/lib/core/settle.js:17:12)\n    at IncomingMessage.handleStreamEnd (node_modules/axios/lib/adapters/http.js:244:11)\n    at endReadableNT (internal/streams/readable.js:1327:12)\n    at processTicksAndRejections (internal/process/task_queues.js:80:21)",
                "diff": null
              },
              "uuid": "ef88275f-ebe0-4785-a98c-34be0ba9ea68",
              "parentUUID": "abea1f4d-d5be-44ae-91c6-f0ee4f9480b2",
              "isHook": false,
              "skipped": false
            },
            {
              "title": "from the person's name and current company, it should return the contact with a job title { name: 'Alec Livinghouse', company: 'InnoceanUSA' }",
              "fullTitle": "full test suite from the person's name and current company, it should return the contact with a job title { name: 'Alec Livinghouse', company: 'InnoceanUSA' }",
              "timedOut": false,
              "duration": 212,
              "state": "failed",
              "speed": null,
              "pass": false,
              "fail": true,
              "pending": false,
              "context": null,
              "code": "process.bind(this)(test, done);",
              "err": {
                "message": "Error: Request failed with status code 429",
                "estack": "Error: Request failed with status code 429\n    at createError (node_modules/axios/lib/core/createError.js:16:15)\n    at settle (node_modules/axios/lib/core/settle.js:17:12)\n    at IncomingMessage.handleStreamEnd (node_modules/axios/lib/adapters/http.js:244:11)\n    at endReadableNT (internal/streams/readable.js:1327:12)\n    at processTicksAndRejections (internal/process/task_queues.js:80:21)",
                "diff": null
              },
              "uuid": "b9dc3217-efd6-4e2d-a1c4-7ee8a96f57f2",
              "parentUUID": "abea1f4d-d5be-44ae-91c6-f0ee4f9480b2",
              "isHook": false,
              "skipped": false
            },
            {
              "title": "from the person's name and current company, it should return the contact with a job title { name: 'Aryan Zaferani', company: 'Pariveda Solutions' }",
              "fullTitle": "full test suite from the person's name and current company, it should return the contact with a job title { name: 'Aryan Zaferani', company: 'Pariveda Solutions' }",
              "timedOut": false,
              "duration": 291,
              "state": "failed",
              "speed": null,
              "pass": false,
              "fail": true,
              "pending": false,
              "context": null,
              "code": "process.bind(this)(test, done);",
              "err": {
                "message": "Error: Request failed with status code 429",
                "estack": "Error: Request failed with status code 429\n    at createError (node_modules/axios/lib/core/createError.js:16:15)\n    at settle (node_modules/axios/lib/core/settle.js:17:12)\n    at IncomingMessage.handleStreamEnd (node_modules/axios/lib/adapters/http.js:244:11)\n    at endReadableNT (internal/streams/readable.js:1327:12)\n    at processTicksAndRejections (internal/process/task_queues.js:80:21)",
                "diff": null
              },
              "uuid": "aafdc687-f93f-4ad2-99c6-3876cd3cf813",
              "parentUUID": "abea1f4d-d5be-44ae-91c6-f0ee4f9480b2",
              "isHook": false,
              "skipped": false
            },
            {
              "title": "from the person's name and current company, it should return the contact with a linkedin_url { name: 'Ryan Livinghouse', company: 'Workday' }",
              "fullTitle": "full test suite from the person's name and current company, it should return the contact with a linkedin_url { name: 'Ryan Livinghouse', company: 'Workday' }",
              "timedOut": false,
              "duration": 187,
              "state": "failed",
              "speed": null,
              "pass": false,
              "fail": true,
              "pending": false,
              "context": null,
              "code": "process.bind(this)(test, done);",
              "err": {
                "message": "Error: Request failed with status code 429",
                "estack": "Error: Request failed with status code 429\n    at createError (node_modules/axios/lib/core/createError.js:16:15)\n    at settle (node_modules/axios/lib/core/settle.js:17:12)\n    at IncomingMessage.handleStreamEnd (node_modules/axios/lib/adapters/http.js:244:11)\n    at endReadableNT (internal/streams/readable.js:1327:12)\n    at processTicksAndRejections (internal/process/task_queues.js:80:21)",
                "diff": null
              },
              "uuid": "ad27a68b-b6fe-4bc7-a674-a514738a4ecc",
              "parentUUID": "abea1f4d-d5be-44ae-91c6-f0ee4f9480b2",
              "isHook": false,
              "skipped": false
            },
            {
              "title": "from the person's name and current company, it should return the contact with a linkedin_url { name: 'Ross Goldberg', company: 'Raytheon' }",
              "fullTitle": "full test suite from the person's name and current company, it should return the contact with a linkedin_url { name: 'Ross Goldberg', company: 'Raytheon' }",
              "timedOut": false,
              "duration": 354,
              "state": "failed",
              "speed": null,
              "pass": false,
              "fail": true,
              "pending": false,
              "context": null,
              "code": "process.bind(this)(test, done);",
              "err": {
                "message": "Error: Request failed with status code 429",
                "estack": "Error: Request failed with status code 429\n    at createError (node_modules/axios/lib/core/createError.js:16:15)\n    at settle (node_modules/axios/lib/core/settle.js:17:12)\n    at IncomingMessage.handleStreamEnd (node_modules/axios/lib/adapters/http.js:244:11)\n    at endReadableNT (internal/streams/readable.js:1327:12)\n    at processTicksAndRejections (internal/process/task_queues.js:80:21)",
                "diff": null
              },
              "uuid": "acaa1bf3-31ca-4408-89a2-923388f3232b",
              "parentUUID": "abea1f4d-d5be-44ae-91c6-f0ee4f9480b2",
              "isHook": false,
              "skipped": false
            },
            {
              "title": "from the person's name and current company, it should return the contact with a linkedin_url { name: 'Alec Livinghouse', company: 'InnoceanUSA' }",
              "fullTitle": "full test suite from the person's name and current company, it should return the contact with a linkedin_url { name: 'Alec Livinghouse', company: 'InnoceanUSA' }",
              "timedOut": false,
              "duration": 188,
              "state": "failed",
              "speed": null,
              "pass": false,
              "fail": true,
              "pending": false,
              "context": null,
              "code": "process.bind(this)(test, done);",
              "err": {
                "message": "Error: Request failed with status code 429",
[...]
              "parentUUID": "abea1f4d-d5be-44ae-91c6-f0ee4f9480b2",
              "isHook": false,
              "skipped": false
            },
            {
              "title": "from the person's linkedinurl, it should return the contact with at least 1 phone number https://www.linkedin.com/in/ross-goldberg/",
              "fullTitle": "full test suite from the person's linkedinurl, it should return the contact with at least 1 phone number https://www.linkedin.com/in/ross-goldberg/",
              "timedOut": false,
              "duration": 209,
              "state": "failed",
              "speed": null,
              "pass": false,
              "fail": true,
              "pending": false,
              "context": null,
              "code": "process.bind(this)(test, done);",
              "err": {
                "message": "Error: Request failed with status code 429",
                "estack": "Error: Request failed with status code 429\n    at createError (node_modules/axios/lib/core/createError.js:16:15)\n    at settle (node_modules/axios/lib/core/settle.js:17:12)\n    at IncomingMessage.handleStreamEnd (node_modules/axios/lib/adapters/http.js:244:11)\n    at endReadableNT (internal/streams/readable.js:1327:12)\n    at processTicksAndRejections (internal/process/task_queues.js:80:21)",
                "diff": null
              },
              "uuid": "51e7eaaa-cb53-49ba-be53-199763e50a8f",
              "parentUUID": "abea1f4d-d5be-44ae-91c6-f0ee4f9480b2",
              "isHook": false,
              "skipped": false
            },
            {
              "title": "from the person's linkedinurl, it should return the contact with at least 1 phone number https://www.linkedin.com/in/aryan-zaferani-nobari-61634ab9/",
              "fullTitle": "full test suite from the person's linkedinurl, it should return the contact with at least 1 phone number https://www.linkedin.com/in/aryan-zaferani-nobari-61634ab9/",
              "timedOut": false,
              "duration": 451,
              "state": "failed",
              "speed": null,
              "pass": false,
              "fail": true,
              "pending": false,
              "context": null,
              "code": "process.bind(this)(test, done);",
              "err": {
                "message": "TypeError: Cannot read property 'of' of undefined",
                "estack": "TypeError: Cannot read property 'of' of undefined\n    at /Users/donlivinghouse/AccuChain/pdl/mocha-chai-pdl/unit-testing-with-mocha-chai/test/app.spec.js:259:69\n    at processTicksAndRejections (internal/process/task_queues.js:93:5)",
                "diff": null
              },
              "uuid": "0a344675-f25c-460c-ab70-a3fd84b8d637",
              "parentUUID": "abea1f4d-d5be-44ae-91c6-f0ee4f9480b2",
              "isHook": false,
              "skipped": false
            },
            {
              "title": "from the persons linkedin url, it should return the contact with a job title https://www.linkedin.com/in/john-crowe-503484b0/",
              "fullTitle": "full test suite from the persons linkedin url, it should return the contact with a job title https://www.linkedin.com/in/john-crowe-503484b0/",
              "timedOut": false,
              "duration": 223,
              "state": "passed",
              "speed": "slow",
              "pass": true,
              "fail": false,
              "pending": false,
              "context": null,
              "code": "process.bind(this)(test, done);",
              "err": {},
              "uuid": "8f1f3284-f4d1-47be-a229-944eab10ac7b",
              "parentUUID": "abea1f4d-d5be-44ae-91c6-f0ee4f9480b2",
              "isHook": false,
              "skipped": false
            },
            {
              "title": "from the persons linkedin url, it should return the contact with a job title https://www.linkedin.com/in/ryan-livinghouse-3a4643a7/",
              "fullTitle": "full test suite from the persons linkedin url, it should return the contact with a job title https://www.linkedin.com/in/ryan-livinghouse-3a4643a7/",
              "timedOut": false,
              "duration": 257,
              "state": "passed",
              "speed": "slow",
              "pass": true,
              "fail": false,
              "pending": false,
              "context": null,
              "code": "process.bind(this)(test, done);",
              "err": {},
              "uuid": "1cc49124-e243-46bd-a64d-e3f84a87b08c",
              "parentUUID": "abea1f4d-d5be-44ae-91c6-f0ee4f9480b2",
              "isHook": false,
              "skipped": false
            },
            {
              "title": "from the persons linkedin url, it should return the contact with a job title https://www.linkedin.com/in/ross-goldberg/",
              "fullTitle": "full test suite from the persons linkedin url, it should return the contact with a job title https://www.linkedin.com/in/ross-goldberg/",
              "timedOut": false,
              "duration": 359,
              "state": "passed",
              "speed": "slow",
              "pass": true,
              "fail": false,
              "pending": false,
              "context": null,
              "code": "process.bind(this)(test, done);",
              "err": {},
              "uuid": "b80ef439-f46a-4a5a-b9b3-8f710db19bee",
              "parentUUID": "abea1f4d-d5be-44ae-91c6-f0ee4f9480b2",
              "isHook": false,
              "skipped": false
            },
            {
              "title": "from the persons linkedin url, it should return the contact with a job title https://www.linkedin.com/in/aryan-zaferani-nobari-61634ab9/",
              "fullTitle": "full test suite from the persons linkedin url, it should return the contact with a job title https://www.linkedin.com/in/aryan-zaferani-nobari-61634ab9/",
              "timedOut": false,
              "duration": 401,
              "state": "passed",
              "speed": "slow",
              "pass": true,
              "fail": false,
              "pending": false,
              "context": null,
              "code": "process.bind(this)(test, done);",
              "err": {},
              "uuid": "365f1c80-9a65-4b50-9e94-00327de9598f",
              "parentUUID": "abea1f4d-d5be-44ae-91c6-f0ee4f9480b2",
              "isHook": false,
              "skipped": false
            },
            {
              "title": "from the persons linkedin url, it should return the contact with a linkedin_url https://www.linkedin.com/in/john-crowe-503484b0/",
              "fullTitle": "full test suite from the persons linkedin url, it should return the contact with a linkedin_url https://www.linkedin.com/in/john-crowe-503484b0/",
              "timedOut": false,
              "duration": 290,
              "state": "passed",
              "speed": "slow",
              "pass": true,
              "fail": false,
              "pending": false,
              "context": null,
              "code": "process.bind(this)(test, done);",
              "err": {},
              "uuid": "cf9aeb8d-a542-4d9e-8897-a614797c7daf",
              "parentUUID": "abea1f4d-d5be-44ae-91c6-f0ee4f9480b2",
              "isHook": false,
              "skipped": false
            },
            {
              "title": "from the persons linkedin url, it should return the contact with a linkedin_url https://www.linkedin.com/in/ryan-livinghouse-3a4643a7/",
              "fullTitle": "full test suite from the persons linkedin url, it should return the contact with a linkedin_url https://www.linkedin.com/in/ryan-livinghouse-3a4643a7/",
              "timedOut": false,
              "duration": 367,
              "state": "passed",
              "speed": "slow",
              "pass": true,
              "fail": false,
              "pending": false,
              "context": null,
              "code": "process.bind(this)(test, done);",
              "err": {},
              "uuid": "1072b2c3-2ed7-48f2-9fae-299a1393c4ef",
              "parentUUID": "abea1f4d-d5be-44ae-91c6-f0ee4f9480b2",
              "isHook": false,
              "skipped": false
            },
            {
              "title": "from the persons linkedin url, it should return the contact with a linkedin_url https://www.linkedin.com/in/ross-goldberg/",
              "fullTitle": "full test suite from the persons linkedin url, it should return the contact with a linkedin_url https://www.linkedin.com/in/ross-goldberg/",
              "timedOut": false,
              "duration": 231,
              "state": "passed",
              "speed": "slow",
              "pass": true,
              "fail": false,
              "pending": false,
              "context": null,
              "code": "process.bind(this)(test, done);",
              "err": {},
              "uuid": "a30366fc-51c2-474b-a5df-84e6302c91b5",
              "parentUUID": "abea1f4d-d5be-44ae-91c6-f0ee4f9480b2",
              "isHook": false,
              "skipped": false
            },
            {
              "title": "from the persons linkedin url, it should return the contact with a linkedin_url https://www.linkedin.com/in/aryan-zaferani-nobari-61634ab9/",
              "fullTitle": "full test suite from the persons linkedin url, it should return the contact with a linkedin_url https://www.linkedin.com/in/aryan-zaferani-nobari-61634ab9/",
              "timedOut": false,
              "duration": 296,
              "state": "passed",
              "speed": "slow",
              "pass": true,
              "fail": false,
              "pending": false,
              "context": null,
              "code": "process.bind(this)(test, done);",
              "err": {},
              "uuid": "8eb4c191-8461-4a5d-b418-f315afff419f",
              "parentUUID": "abea1f4d-d5be-44ae-91c6-f0ee4f9480b2",
              "isHook": false,
              "skipped": false
            },
            {
              "title": "from the persons linkedin url, it should return the contact with a linkedinId https://www.linkedin.com/in/john-crowe-503484b0/",
              "fullTitle": "full test suite from the persons linkedin url, it should return the contact with a linkedinId https://www.linkedin.com/in/john-crowe-503484b0/",
              "timedOut": false,
              "duration": 223,
              "state": "passed",
              "speed": "slow",
              "pass": true,
              "fail": false,
              "pending": false,
              "context": null,
              "code": "process.bind(this)(test, done);",
              "err": {},
              "uuid": "bfe48c79-422f-4158-a2b3-555a95af7a05",
              "parentUUID": "abea1f4d-d5be-44ae-91c6-f0ee4f9480b2",
              "isHook": false,
              "skipped": false
            },
            {
              "title": "from the persons linkedin url, it should return the contact with a linkedinId https://www.linkedin.com/in/ryan-livinghouse-3a4643a7/",
              "fullTitle": "full test suite from the persons linkedin url, it should return the contact with a linkedinId https://www.linkedin.com/in/ryan-livinghouse-3a4643a7/",
              "timedOut": false,
              "duration": 414,
              "state": "passed",
              "speed": "slow",
              "pass": true,
              "fail": false,
              "pending": false,
              "context": null,
              "code": "process.bind(this)(test, done);",
              "err": {},
              "uuid": "41b4ed31-051a-401d-ac9e-67cc16840eb3",
              "parentUUID": "abea1f4d-d5be-44ae-91c6-f0ee4f9480b2",
              "isHook": false,
              "skipped": false
            },
            {
              "title": "from the persons linkedin url, it should return the contact with a linkedinId https://www.linkedin.com/in/ross-goldberg/",
              "fullTitle": "full test suite from the persons linkedin url, it should return the contact with a linkedinId https://www.linkedin.com/in/ross-goldberg/",
              "timedOut": false,
              "duration": 261,
              "state": "failed",
              "speed": null,
              "pass": false,
              "fail": true,
              "pending": false,
              "context": null,
              "code": "process.bind(this)(test, done);",
              "err": {
                "message": "AssertionError: expected null not to be null",
                "estack": "AssertionError: expected null not to be null\n    at /Users/donlivinghouse/AccuChain/pdl/mocha-chai-pdl/unit-testing-with-mocha-chai/test/app.spec.js:308:81\n    at processTicksAndRejections (internal/process/task_queues.js:93:5)",
                "diff": null
              },
              "uuid": "2b7cf2a0-a1d8-48c4-9cf1-1dc970b85022",
              "parentUUID": "abea1f4d-d5be-44ae-91c6-f0ee4f9480b2",
              "isHook": false,
              "skipped": false
            },
            {
              "title": "from the persons linkedin url, it should return the contact with a linkedinId https://www.linkedin.com/in/aryan-zaferani-nobari-61634ab9/",
              "fullTitle": "full test suite from the persons linkedin url, it should return the contact with a linkedinId https://www.linkedin.com/in/aryan-zaferani-nobari-61634ab9/",
              "timedOut": false,
              "duration": 253,
              "state": "passed",
              "speed": "slow",
              "pass": true,
              "fail": false,
              "pending": false,
              "context": null,
              "code": "process.bind(this)(test, done);",
              "err": {},
              "uuid": "0e6fe33b-1adc-47ad-b9ea-c3378b057493",
              "parentUUID": "abea1f4d-d5be-44ae-91c6-f0ee4f9480b2",
              "isHook": false,
              "skipped": false
            }
          ],
          "suites": [],
          "passes": [
            "ce647283-4463-4561-99cd-c07a773fbf24",
            "13fbe7d1-223b-41f6-8a2d-d117d9fba6d5",
            "0081b83b-7f51-4f0b-a9af-8027d9a9ba84",
            "8f1f3284-f4d1-47be-a229-944eab10ac7b",
            "1cc49124-e243-46bd-a64d-e3f84a87b08c",
            "b80ef439-f46a-4a5a-b9b3-8f710db19bee",
            "365f1c80-9a65-4b50-9e94-00327de9598f",
            "cf9aeb8d-a542-4d9e-8897-a614797c7daf",
            "1072b2c3-2ed7-48f2-9fae-299a1393c4ef",
            "a30366fc-51c2-474b-a5df-84e6302c91b5",
            "8eb4c191-8461-4a5d-b418-f315afff419f",
            "bfe48c79-422f-4158-a2b3-555a95af7a05",
            "41b4ed31-051a-401d-ac9e-67cc16840eb3",
            "0e6fe33b-1adc-47ad-b9ea-c3378b057493"
          ],
          "failures": [
            "9eff023d-caf9-4d1d-ac8f-17d7d2a963d2",
            "d5c5098c-59d7-42ef-a8f4-20647debd421",
            "82473524-fcc2-44c2-acfe-76cf1078ddf4",
            "ce036098-e1e5-4dda-817e-ec52dd377f23",
            "b53d8ea3-3d3b-4c86-b718-403d209d95b3",
            "b42fb658-d81c-4354-b32b-60ed62a07a9e",
            "49b4cb46-aa6a-4b6b-b666-8a12cb7528a6",
            "784a1ab3-ea81-4fdc-8a5b-4b946c1c62b4",
            "db0a8f84-de52-4184-add4-cd4304af2602",
            "97df87fa-cb35-410e-a225-34cc04e33d81",
            "23c412cd-b6e8-4d0b-bf20-953c5efc8918",
            "abe4018a-60ba-43b3-bc18-97e1dbfbe555",
            "28367b2b-203b-42dd-914a-f1476ab17352",
            "cb9911d6-2dc3-4a9a-876c-2cdd4bc9b162",
            "801ec577-3caf-45ac-9c9e-135691cc945d",
            "1f39a8dd-96e4-4a52-8421-4c1496ad33f3",
            "c7786aa6-2a69-4229-b0ec-a5f43445c4b7",
            "2419a8ba-464f-4926-beb6-50c028b40b44",
            "2458ca56-0e3e-41f4-a8e2-aa3b1d6f22b9",
            "d20b1787-8656-4f5a-adbe-a657fe549f3a",
            "0c6cff65-f832-4ea5-bd49-f30f79a45b01",
            "8c63cd57-dba6-4e77-bc1e-151c537fb343",
            "574a367e-0052-43cb-9c62-90d942dce9f2",
            "9da19e62-daad-475a-be23-e32bd586502b",
            "6df3db7a-37c1-4c84-90a8-fbb3e33f4491",
            "e0b139cb-1dcd-456b-95b8-6a09f1014ece",
            "a0eb7b60-0a5a-413e-b29d-8398102308c0",
            "ecb5e881-eacc-467a-a63a-43f80ed274df",
            "017ffc1c-f01f-419b-afd4-4756d089d41b",
            "ea826879-2e6e-4cc6-96b9-d48d2b4ec735",
            "054e5299-e351-4dc7-beef-a791b33da3f4",
            "37c0e49e-05ec-4c50-9f6c-554e86ae3131",
            "d4140763-9e6d-4f69-abc4-b74ae2dc0181",
            "903b08e0-daa0-460e-b5be-5d2606dcadd4",
            "d04eca72-6786-49ee-904d-5a20660cd2d1",
            "deaeef00-17cc-4c56-aea2-ef3f57e0813b",
            "fae55d29-a481-4c3a-9d26-09dbb161d73b",
            "5c09e375-5c26-4b9e-b564-33930c5616ff",
            "8ab47b3c-394d-44e9-b751-1b674590647d",
            "edc1d977-7097-4113-a765-93fc81b9b503",
            "0a1faf75-991d-4aa0-8e7e-36a24d7635af",
            "09ee5cd4-185b-4ec8-9f6b-5cc43da80909",
            "c75db2a5-be07-4e86-9f59-33d480d9a95c",
            "d9095290-acf3-4938-b53a-8e787ca02a35",
            "c692fdf4-0fc9-4eb5-98c1-f8bc67ed9249",
            "f4ef1128-c6fc-4aed-b7cf-2930d651139e",
            "50cfb79d-dcc1-48ea-ad5d-436e94a74ae5",
            "eacf953b-ab12-4531-b148-84e6e430f219",
            "b7797bc5-a07d-4fbf-8984-9eae1435e9e9",
            "9d490788-be4e-403b-a7e7-b34d7a0fcd50",
            "5fcffb77-2732-412d-9fb4-88c3a5b9ce1d",
            "ef88275f-ebe0-4785-a98c-34be0ba9ea68",
            "b9dc3217-efd6-4e2d-a1c4-7ee8a96f57f2",
            "aafdc687-f93f-4ad2-99c6-3876cd3cf813",
            "ad27a68b-b6fe-4bc7-a674-a514738a4ecc",
            "acaa1bf3-31ca-4408-89a2-923388f3232b",
            "2587db15-837f-44fa-9c0c-e4b265486e36",
            "be24cd92-2e44-46d1-966f-caf78b2d5daa",
            "fa2e0604-989d-4352-ab18-90abbc6b467a",
            "50e3d6a1-9d41-4fc0-8172-c6556ece9671",
            "76d56f9c-c6e1-44b8-9ec5-529dd812e607",
            "6ca0088a-4f97-4c8e-bcb4-e27d9f860ca9",
            "82b5c5c7-e917-4823-aafd-8ed721ec3705",
            "de6fb140-f125-435d-827c-4904b6c5b8e2",
            "8374030a-6a12-4fff-bc36-fe1ee4ab99e1",
            "51a2c3df-7e7a-440e-a58c-713c11b9396d",
            "0de51ea7-8eb9-4cf0-9e36-b0ba01b87062",
            "abe25ae9-564d-4135-ba44-f21952a11a67",
            "67ebc412-85c0-48aa-87b9-e1c2908a388d",
            "f5ea9fc6-d57b-495d-b043-389cf9655b5f",
            "dbe4ea8f-b90c-44df-ab3d-299869b886f3",
            "9d8ef533-389e-46fa-b374-693862230d76",
            "30213747-5fc2-4a27-88ff-6d92d61734d5",
            "e780498d-4079-4753-a7ec-c439c328da1d",
            "735af3b4-7eab-464a-83c0-fcccd9f26fec",
            "cc0d0b41-360c-41ac-ab38-0f097ea24494",
            "84648d4b-79dd-4749-9750-26143870350a",
            "53516372-c4e2-4c20-8985-d955a6a45caf",
            "8b6d9f4e-4999-45a7-ac71-8903135cb5e4",
            "d75ad513-026b-4da0-8af0-76f6f1c11b5f",
            "048ba9b8-dd18-4a7c-bfdb-f86e02770b69",
            "1762f995-b1be-41e6-9e99-9b22a315ca9e",
            "4a8576a1-095a-44f5-81ac-d6813d3dcb7a",
            "51e7eaaa-cb53-49ba-be53-199763e50a8f",
            "0a344675-f25c-460c-ab70-a3fd84b8d637",
            "2b7cf2a0-a1d8-48c4-9cf1-1dc970b85022"
          ],
          "pending": [],
          "skipped": [],
          "duration": 30093,
          "root": false,
          "rootEmpty": false,
          "_timeout": 2000
        }
      ],
      "passes": [],
      "failures": [],
      "pending": [],
      "skipped": [],
      "duration": 0,
      "root": true,
      "rootEmpty": true,
      "_timeout": 2000
    }
  ],
  "meta": {
    "mocha": {
      "version": "8.3.0"
    },
    "mochawesome": {
      "options": {
        "quiet": false,
        "reportFilename": "mochawesome",
        "saveHtml": true,
        "saveJson": true,
        "consoleReporter": "spec",
        "useInlineDiffs": false,
        "code": true
      },
      "version": "6.2.2"
    },
    "marge": {
      "options": null,
      "version": "5.2.0"
    }
  }
}