{
  "stats": {
    "suites": 1,
    "tests": 45,
    "passes": 11,
    "pending": 0,
    "failures": 34,
    "start": "2021-02-24T19:46:33.257Z",
    "end": "2021-02-24T19:46:48.173Z",
    "duration": 14916,
    "testsRegistered": 45,
    "passPercent": 24.444444444444443,
    "pendingPercent": 0,
    "other": 0,
    "hasOther": false,
    "skipped": 0,
    "hasSkipped": false
  },
  "results": [
    {
      "uuid": "eb4e270c-d6ea-474b-84d8-f3d7c1b3c67f",
      "title": "",
      "fullFile": "",
      "file": "",
      "beforeHooks": [],
      "afterHooks": [],
      "tests": [],
      "suites": [
        {
          "uuid": "416b6b98-269b-43b9-babe-45cad75feb27",
          "title": "full test suite",
          "fullFile": "/Users/donlivinghouse/AccuChain/pdl/mocha-chai-pdl/unit-testing-with-mocha-chai/test/app.spec.js",
          "file": "/test/app.spec.js",
          "beforeHooks": [],
          "afterHooks": [],
          "tests": [
            {
              "title": "from the phone number, it should return at least 1 user email, 14085404472",
              "fullTitle": "full test suite from the phone number, it should return at least 1 user email, 14085404472",
              "timedOut": false,
              "duration": 632,
              "state": "failed",
              "speed": null,
              "pass": false,
              "fail": true,
              "pending": false,
              "context": null,
              "code": "process.bind(this)(test, done);",
              "err": {
                "message": "AssertionError: expected 0 to be above 0",
                "estack": "AssertionError: expected 0 to be above 0\n    at /Users/donlivinghouse/AccuChain/pdl/mocha-chai-pdl/unit-testing-with-mocha-chai/test/app.spec.js:26:61\n    at processTicksAndRejections (internal/process/task_queues.js:93:5)",
                "diff": ""
              },
              "uuid": "080b72b5-db92-4192-a111-96e9cd710d4d",
              "parentUUID": "416b6b98-269b-43b9-babe-45cad75feb27",
              "isHook": false,
              "skipped": false
            },
            {
              "title": "from the phone number, it should return at least 1 user email, 14083345374",
              "fullTitle": "full test suite from the phone number, it should return at least 1 user email, 14083345374",
              "timedOut": false,
              "duration": 195,
              "state": "failed",
              "speed": null,
              "pass": false,
              "fail": true,
              "pending": false,
              "context": null,
              "code": "process.bind(this)(test, done);",
              "err": {
                "message": "Error: Request failed with status code 404",
                "estack": "Error: Request failed with status code 404\n    at createError (node_modules/axios/lib/core/createError.js:16:15)\n    at settle (node_modules/axios/lib/core/settle.js:17:12)\n    at IncomingMessage.handleStreamEnd (node_modules/axios/lib/adapters/http.js:244:11)\n    at endReadableNT (internal/streams/readable.js:1327:12)\n    at processTicksAndRejections (internal/process/task_queues.js:80:21)",
                "diff": null
              },
              "uuid": "e5c732db-4e03-458a-8ed0-4af206e697f3",
              "parentUUID": "416b6b98-269b-43b9-babe-45cad75feb27",
              "isHook": false,
              "skipped": false
            },
            {
              "title": "from the phone number, it should return at least 1 user email, 14089925567",
              "fullTitle": "full test suite from the phone number, it should return at least 1 user email, 14089925567",
              "timedOut": false,
              "duration": 326,
              "state": "passed",
              "speed": "slow",
              "pass": true,
              "fail": false,
              "pending": false,
              "context": null,
              "code": "process.bind(this)(test, done);",
              "err": {},
              "uuid": "49e719aa-7679-41ad-826a-9ce7d8b3eb22",
              "parentUUID": "416b6b98-269b-43b9-babe-45cad75feb27",
              "isHook": false,
              "skipped": false
            },
            {
              "title": "from the phone number, it should return at least 1 user email, 14088219535",
              "fullTitle": "full test suite from the phone number, it should return at least 1 user email, 14088219535",
              "timedOut": false,
              "duration": 210,
              "state": "failed",
              "speed": null,
              "pass": false,
              "fail": true,
              "pending": false,
              "context": null,
              "code": "process.bind(this)(test, done);",
              "err": {
                "message": "Error: Request failed with status code 404",
                "estack": "Error: Request failed with status code 404\n    at createError (node_modules/axios/lib/core/createError.js:16:15)\n    at settle (node_modules/axios/lib/core/settle.js:17:12)\n    at IncomingMessage.handleStreamEnd (node_modules/axios/lib/adapters/http.js:244:11)\n    at endReadableNT (internal/streams/readable.js:1327:12)\n    at processTicksAndRejections (internal/process/task_queues.js:80:21)",
                "diff": null
              },
              "uuid": "3d5761e7-7dcc-4ce5-8cdf-7ef1fbdaf728",
              "parentUUID": "416b6b98-269b-43b9-babe-45cad75feb27",
              "isHook": false,
              "skipped": false
            },
            {
              "title": "from the phone number, it should return at least 1 user email, 13128053914",
              "fullTitle": "full test suite from the phone number, it should return at least 1 user email, 13128053914",
              "timedOut": false,
              "duration": 363,
              "state": "failed",
              "speed": null,
              "pass": false,
              "fail": true,
              "pending": false,
              "context": null,
              "code": "process.bind(this)(test, done);",
              "err": {
                "message": "AssertionError: expected 0 to be above 0",
                "estack": "AssertionError: expected 0 to be above 0\n    at /Users/donlivinghouse/AccuChain/pdl/mocha-chai-pdl/unit-testing-with-mocha-chai/test/app.spec.js:26:61\n    at processTicksAndRejections (internal/process/task_queues.js:93:5)",
                "diff": ""
              },
              "uuid": "cf6b504a-73c8-4c66-a814-dc84df1a86ca",
              "parentUUID": "416b6b98-269b-43b9-babe-45cad75feb27",
              "isHook": false,
              "skipped": false
            },
            {
              "title": "from the phone number, it should return at least 1 user email, 14084586003",
              "fullTitle": "full test suite from the phone number, it should return at least 1 user email, 14084586003",
              "timedOut": false,
              "duration": 238,
              "state": "passed",
              "speed": "slow",
              "pass": true,
              "fail": false,
              "pending": false,
              "context": null,
              "code": "process.bind(this)(test, done);",
              "err": {},
              "uuid": "0b6ff585-d602-4f2f-94a5-9f0068f42aaa",
              "parentUUID": "416b6b98-269b-43b9-babe-45cad75feb27",
              "isHook": false,
              "skipped": false
            },
            {
              "title": "from the phone number, it should return at least 1 user email, 14084586004",
              "fullTitle": "full test suite from the phone number, it should return at least 1 user email, 14084586004",
              "timedOut": false,
              "duration": 422,
              "state": "passed",
              "speed": "slow",
              "pass": true,
              "fail": false,
              "pending": false,
              "context": null,
              "code": "process.bind(this)(test, done);",
              "err": {},
              "uuid": "747662e9-9157-464c-ad26-1517d718516a",
              "parentUUID": "416b6b98-269b-43b9-babe-45cad75feb27",
              "isHook": false,
              "skipped": false
            },
            {
              "title": "from the phone number, it should return at least 1 user email, 14085960452",
              "fullTitle": "full test suite from the phone number, it should return at least 1 user email, 14085960452",
              "timedOut": false,
              "duration": 350,
              "state": "failed",
              "speed": null,
              "pass": false,
              "fail": true,
              "pending": false,
              "context": null,
              "code": "process.bind(this)(test, done);",
              "err": {
                "message": "AssertionError: expected 0 to be above 0",
                "estack": "AssertionError: expected 0 to be above 0\n    at /Users/donlivinghouse/AccuChain/pdl/mocha-chai-pdl/unit-testing-with-mocha-chai/test/app.spec.js:26:61\n    at processTicksAndRejections (internal/process/task_queues.js:93:5)",
                "diff": ""
              },
              "uuid": "68a4f221-ce3e-4730-b30c-4598507a985b",
              "parentUUID": "416b6b98-269b-43b9-babe-45cad75feb27",
              "isHook": false,
              "skipped": false
            },
            {
              "title": "from the phone number, it should return at least 1 user email, 13238397523",
              "fullTitle": "full test suite from the phone number, it should return at least 1 user email, 13238397523",
              "timedOut": false,
              "duration": 221,
              "state": "failed",
              "speed": null,
              "pass": false,
              "fail": true,
              "pending": false,
              "context": null,
              "code": "process.bind(this)(test, done);",
              "err": {
                "message": "AssertionError: expected 0 to be above 0",
                "estack": "AssertionError: expected 0 to be above 0\n    at /Users/donlivinghouse/AccuChain/pdl/mocha-chai-pdl/unit-testing-with-mocha-chai/test/app.spec.js:26:61\n    at processTicksAndRejections (internal/process/task_queues.js:93:5)",
                "diff": ""
              },
              "uuid": "839dcf6b-4fc3-4ef5-8e60-12235ce2fca6",
              "parentUUID": "416b6b98-269b-43b9-babe-45cad75feb27",
              "isHook": false,
              "skipped": false
            },
            {
              "title": "from the phone number, it should return the user with at least 1 phone number 14085404472",
              "fullTitle": "full test suite from the phone number, it should return the user with at least 1 phone number 14085404472",
              "timedOut": false,
              "duration": 443,
              "state": "failed",
              "speed": null,
              "pass": false,
              "fail": true,
              "pending": false,
              "context": null,
              "code": "process.bind(this)(test, done);",
              "err": {
                "message": "TypeError: Cannot read property 'of' of undefined",
                "estack": "TypeError: Cannot read property 'of' of undefined\n    at /Users/donlivinghouse/AccuChain/pdl/mocha-chai-pdl/unit-testing-with-mocha-chai/test/app.spec.js:37:53\n    at processTicksAndRejections (internal/process/task_queues.js:93:5)",
                "diff": null
              },
              "uuid": "8369cfa1-44fd-4b9a-8d80-73c23d85c629",
              "parentUUID": "416b6b98-269b-43b9-babe-45cad75feb27",
              "isHook": false,
              "skipped": false
            },
            {
              "title": "from the phone number, it should return the user with at least 1 phone number 14083345374",
              "fullTitle": "full test suite from the phone number, it should return the user with at least 1 phone number 14083345374",
              "timedOut": false,
              "duration": 229,
              "state": "failed",
              "speed": null,
              "pass": false,
              "fail": true,
              "pending": false,
              "context": null,
              "code": "process.bind(this)(test, done);",
              "err": {
                "message": "Error: Request failed with status code 404",
                "estack": "Error: Request failed with status code 404\n    at createError (node_modules/axios/lib/core/createError.js:16:15)\n    at settle (node_modules/axios/lib/core/settle.js:17:12)\n    at IncomingMessage.handleStreamEnd (node_modules/axios/lib/adapters/http.js:244:11)\n    at endReadableNT (internal/streams/readable.js:1327:12)\n    at processTicksAndRejections (internal/process/task_queues.js:80:21)",
                "diff": null
              },
              "uuid": "b100005e-ab93-4ee0-8f3a-de739c093dcc",
              "parentUUID": "416b6b98-269b-43b9-babe-45cad75feb27",
              "isHook": false,
              "skipped": false
            },
            {
              "title": "from the phone number, it should return the user with at least 1 phone number 14089925567",
              "fullTitle": "full test suite from the phone number, it should return the user with at least 1 phone number 14089925567",
              "timedOut": false,
              "duration": 245,
              "state": "failed",
              "speed": null,
              "pass": false,
              "fail": true,
              "pending": false,
              "context": null,
              "code": "process.bind(this)(test, done);",
              "err": {
                "message": "TypeError: Cannot read property 'of' of undefined",
                "estack": "TypeError: Cannot read property 'of' of undefined\n    at /Users/donlivinghouse/AccuChain/pdl/mocha-chai-pdl/unit-testing-with-mocha-chai/test/app.spec.js:37:53\n    at processTicksAndRejections (internal/process/task_queues.js:93:5)",
                "diff": null
              },
              "uuid": "ef5eba36-af5d-4510-8d4f-7ee73bda5263",
              "parentUUID": "416b6b98-269b-43b9-babe-45cad75feb27",
              "isHook": false,
              "skipped": false
            },
            {
              "title": "from the phone number, it should return the user with at least 1 phone number 14088219535",
              "fullTitle": "full test suite from the phone number, it should return the user with at least 1 phone number 14088219535",
              "timedOut": false,
              "duration": 410,
              "state": "failed",
              "speed": null,
              "pass": false,
              "fail": true,
              "pending": false,
              "context": null,
              "code": "process.bind(this)(test, done);",
              "err": {
                "message": "Error: Request failed with status code 404",
                "estack": "Error: Request failed with status code 404\n    at createError (node_modules/axios/lib/core/createError.js:16:15)\n    at settle (node_modules/axios/lib/core/settle.js:17:12)\n    at IncomingMessage.handleStreamEnd (node_modules/axios/lib/adapters/http.js:244:11)\n    at endReadableNT (internal/streams/readable.js:1327:12)\n    at processTicksAndRejections (internal/process/task_queues.js:80:21)",
                "diff": null
              },
              "uuid": "a416e0ce-62a0-490c-b462-a45624268a21",
              "parentUUID": "416b6b98-269b-43b9-babe-45cad75feb27",
              "isHook": false,
              "skipped": false
            },
            {
              "title": "from the phone number, it should return the user with at least 1 phone number 13128053914",
              "fullTitle": "full test suite from the phone number, it should return the user with at least 1 phone number 13128053914",
              "timedOut": false,
              "duration": 264,
              "state": "failed",
              "speed": null,
              "pass": false,
              "fail": true,
              "pending": false,
              "context": null,
              "code": "process.bind(this)(test, done);",
              "err": {
                "message": "TypeError: Cannot read property 'of' of undefined",
                "estack": "TypeError: Cannot read property 'of' of undefined\n    at /Users/donlivinghouse/AccuChain/pdl/mocha-chai-pdl/unit-testing-with-mocha-chai/test/app.spec.js:37:53\n    at processTicksAndRejections (internal/process/task_queues.js:93:5)",
                "diff": null
              },
              "uuid": "b92f8613-5e78-4351-bc30-e350a7082307",
              "parentUUID": "416b6b98-269b-43b9-babe-45cad75feb27",
              "isHook": false,
              "skipped": false
            },
            {
              "title": "from the phone number, it should return the user with at least 1 phone number 14084586003",
              "fullTitle": "full test suite from the phone number, it should return the user with at least 1 phone number 14084586003",
              "timedOut": false,
              "duration": 792,
              "state": "failed",
              "speed": null,
              "pass": false,
              "fail": true,
              "pending": false,
              "context": null,
              "code": "process.bind(this)(test, done);",
              "err": {
                "message": "TypeError: Cannot read property 'of' of undefined",
                "estack": "TypeError: Cannot read property 'of' of undefined\n    at /Users/donlivinghouse/AccuChain/pdl/mocha-chai-pdl/unit-testing-with-mocha-chai/test/app.spec.js:37:53\n    at processTicksAndRejections (internal/process/task_queues.js:93:5)",
                "diff": null
              },
              "uuid": "c5d08207-4d12-4ae8-8740-5294502a3be7",
              "parentUUID": "416b6b98-269b-43b9-babe-45cad75feb27",
              "isHook": false,
              "skipped": false
            },
            {
              "title": "from the phone number, it should return the user with at least 1 phone number 14084586004",
              "fullTitle": "full test suite from the phone number, it should return the user with at least 1 phone number 14084586004",
              "timedOut": false,
              "duration": 276,
              "state": "failed",
              "speed": null,
              "pass": false,
              "fail": true,
              "pending": false,
              "context": null,
              "code": "process.bind(this)(test, done);",
              "err": {
                "message": "TypeError: Cannot read property 'of' of undefined",
                "estack": "TypeError: Cannot read property 'of' of undefined\n    at /Users/donlivinghouse/AccuChain/pdl/mocha-chai-pdl/unit-testing-with-mocha-chai/test/app.spec.js:37:53\n    at processTicksAndRejections (internal/process/task_queues.js:93:5)",
                "diff": null
              },
              "uuid": "0d3b839e-2502-4ab2-8fa4-2a00234d22e5",
              "parentUUID": "416b6b98-269b-43b9-babe-45cad75feb27",
              "isHook": false,
              "skipped": false
            },
            {
              "title": "from the phone number, it should return the user with at least 1 phone number 14085960452",
              "fullTitle": "full test suite from the phone number, it should return the user with at least 1 phone number 14085960452",
              "timedOut": false,
              "duration": 309,
              "state": "failed",
              "speed": null,
              "pass": false,
              "fail": true,
              "pending": false,
              "context": null,
              "code": "process.bind(this)(test, done);",
              "err": {
                "message": "TypeError: Cannot read property 'of' of undefined",
                "estack": "TypeError: Cannot read property 'of' of undefined\n    at /Users/donlivinghouse/AccuChain/pdl/mocha-chai-pdl/unit-testing-with-mocha-chai/test/app.spec.js:37:53\n    at processTicksAndRejections (internal/process/task_queues.js:93:5)",
                "diff": null
              },
              "uuid": "54d5faf5-154f-4cc5-9f58-a95aeb12181a",
              "parentUUID": "416b6b98-269b-43b9-babe-45cad75feb27",
              "isHook": false,
              "skipped": false
            },
            {
              "title": "from the phone number, it should return the user with at least 1 phone number 13238397523",
              "fullTitle": "full test suite from the phone number, it should return the user with at least 1 phone number 13238397523",
              "timedOut": false,
              "duration": 452,
              "state": "failed",
              "speed": null,
              "pass": false,
              "fail": true,
              "pending": false,
              "context": null,
              "code": "process.bind(this)(test, done);",
              "err": {
                "message": "TypeError: Cannot read property 'of' of undefined",
                "estack": "TypeError: Cannot read property 'of' of undefined\n    at /Users/donlivinghouse/AccuChain/pdl/mocha-chai-pdl/unit-testing-with-mocha-chai/test/app.spec.js:37:53\n    at processTicksAndRejections (internal/process/task_queues.js:93:5)",
                "diff": null
              },
              "uuid": "657d5076-95e6-45ba-ae7d-7f3744c983c9",
              "parentUUID": "416b6b98-269b-43b9-babe-45cad75feb27",
              "isHook": false,
              "skipped": false
            },
            {
              "title": "from the phone number, it should return the user with a job title 14085404472",
              "fullTitle": "full test suite from the phone number, it should return the user with a job title 14085404472",
              "timedOut": false,
              "duration": 228,
              "state": "passed",
              "speed": "slow",
              "pass": true,
              "fail": false,
              "pending": false,
              "context": null,
              "code": "process.bind(this)(test, done);",
              "err": {},
              "uuid": "e8d08065-bbd0-43fb-a879-233d959b20d1",
              "parentUUID": "416b6b98-269b-43b9-babe-45cad75feb27",
              "isHook": false,
              "skipped": false
            },
            {
              "title": "from the phone number, it should return the user with a job title 14083345374",
              "fullTitle": "full test suite from the phone number, it should return the user with a job title 14083345374",
              "timedOut": false,
              "duration": 281,
              "state": "failed",
              "speed": null,
              "pass": false,
              "fail": true,
              "pending": false,
              "context": null,
              "code": "process.bind(this)(test, done);",
              "err": {
                "message": "Error: Request failed with status code 404",
                "estack": "Error: Request failed with status code 404\n    at createError (node_modules/axios/lib/core/createError.js:16:15)\n    at settle (node_modules/axios/lib/core/settle.js:17:12)\n    at IncomingMessage.handleStreamEnd (node_modules/axios/lib/adapters/http.js:244:11)\n    at endReadableNT (internal/streams/readable.js:1327:12)\n    at processTicksAndRejections (internal/process/task_queues.js:80:21)",
                "diff": null
              },
              "uuid": "9d7021f6-dbef-40c6-a542-dd9531bbd267",
              "parentUUID": "416b6b98-269b-43b9-babe-45cad75feb27",
              "isHook": false,
              "skipped": false
            },
            {
              "title": "from the phone number, it should return the user with a job title 14089925567",
              "fullTitle": "full test suite from the phone number, it should return the user with a job title 14089925567",
              "timedOut": false,
              "duration": 243,
              "state": "passed",
              "speed": "slow",
              "pass": true,
              "fail": false,
              "pending": false,
              "context": null,
              "code": "process.bind(this)(test, done);",
              "err": {},
              "uuid": "105c1e7a-7461-4989-9675-5989db6f81e1",
              "parentUUID": "416b6b98-269b-43b9-babe-45cad75feb27",
              "isHook": false,
              "skipped": false
            },
            {
              "title": "from the phone number, it should return the user with a job title 14088219535",
              "fullTitle": "full test suite from the phone number, it should return the user with a job title 14088219535",
              "timedOut": false,
              "duration": 418,
              "state": "failed",
              "speed": null,
              "pass": false,
              "fail": true,
              "pending": false,
              "context": null,
              "code": "process.bind(this)(test, done);",
              "err": {
                "message": "Error: Request failed with status code 404",
                "estack": "Error: Request failed with status code 404\n    at createError (node_modules/axios/lib/core/createError.js:16:15)\n    at settle (node_modules/axios/lib/core/settle.js:17:12)\n    at IncomingMessage.handleStreamEnd (node_modules/axios/lib/adapters/http.js:244:11)\n    at endReadableNT (internal/streams/readable.js:1327:12)\n    at processTicksAndRejections (internal/process/task_queues.js:80:21)",
                "diff": null
              },
              "uuid": "d8e38cbe-5f78-4f0b-aec0-52eaf7b91d50",
              "parentUUID": "416b6b98-269b-43b9-babe-45cad75feb27",
              "isHook": false,
              "skipped": false
            },
            {
              "title": "from the phone number, it should return the user with a job title 13128053914",
              "fullTitle": "full test suite from the phone number, it should return the user with a job title 13128053914",
              "timedOut": false,
              "duration": 271,
              "state": "failed",
              "speed": null,
              "pass": false,
              "fail": true,
              "pending": false,
              "context": null,
              "code": "process.bind(this)(test, done);",
              "err": {
                "message": "AssertionError: expected null not to be null",
                "estack": "AssertionError: expected null not to be null\n    at /Users/donlivinghouse/AccuChain/pdl/mocha-chai-pdl/unit-testing-with-mocha-chai/test/app.spec.js:57:64\n    at processTicksAndRejections (internal/process/task_queues.js:93:5)",
                "diff": null
              },
              "uuid": "3fd750b9-174b-45da-aac9-bb9a66c9deff",
              "parentUUID": "416b6b98-269b-43b9-babe-45cad75feb27",
              "isHook": false,
              "skipped": false
            },
            {
              "title": "from the phone number, it should return the user with a job title 14084586003",
              "fullTitle": "full test suite from the phone number, it should return the user with a job title 14084586003",
              "timedOut": false,
              "duration": 223,
              "state": "failed",
              "speed": null,
              "pass": false,
              "fail": true,
              "pending": false,
              "context": null,
              "code": "process.bind(this)(test, done);",
              "err": {
                "message": "AssertionError: expected null not to be null",
                "estack": "AssertionError: expected null not to be null\n    at /Users/donlivinghouse/AccuChain/pdl/mocha-chai-pdl/unit-testing-with-mocha-chai/test/app.spec.js:57:64\n    at processTicksAndRejections (internal/process/task_queues.js:93:5)",
                "diff": null
              },
              "uuid": "809d1342-71eb-456e-b8ec-5d6dc69436e2",
              "parentUUID": "416b6b98-269b-43b9-babe-45cad75feb27",
              "isHook": false,
              "skipped": false
            },
            {
              "title": "from the phone number, it should return the user with a job title 14084586004",
              "fullTitle": "full test suite from the phone number, it should return the user with a job title 14084586004",
              "timedOut": false,
              "duration": 429,
              "state": "failed",
              "speed": null,
              "pass": false,
              "fail": true,
              "pending": false,
              "context": null,
              "code": "process.bind(this)(test, done);",
              "err": {
                "message": "AssertionError: expected null not to be null",
                "estack": "AssertionError: expected null not to be null\n    at /Users/donlivinghouse/AccuChain/pdl/mocha-chai-pdl/unit-testing-with-mocha-chai/test/app.spec.js:57:64\n    at processTicksAndRejections (internal/process/task_queues.js:93:5)",
                "diff": null
              },
              "uuid": "2570cdd6-e956-4ccc-a8a4-8d203d5ed842",
              "parentUUID": "416b6b98-269b-43b9-babe-45cad75feb27",
              "isHook": false,
              "skipped": false
            },
            {
              "title": "from the phone number, it should return the user with a job title 14085960452",
              "fullTitle": "full test suite from the phone number, it should return the user with a job title 14085960452",
              "timedOut": false,
              "duration": 267,
              "state": "passed",
              "speed": "slow",
              "pass": true,
              "fail": false,
              "pending": false,
              "context": null,
              "code": "process.bind(this)(test, done);",
              "err": {},
              "uuid": "8a57c73b-bc2f-46cb-9b92-352cd6430e31",
              "parentUUID": "416b6b98-269b-43b9-babe-45cad75feb27",
              "isHook": false,
              "skipped": false
            },
            {
              "title": "from the phone number, it should return the user with a job title 13238397523",
              "fullTitle": "full test suite from the phone number, it should return the user with a job title 13238397523",
              "timedOut": false,
              "duration": 301,
              "state": "failed",
              "speed": null,
              "pass": false,
              "fail": true,
              "pending": false,
              "context": null,
              "code": "process.bind(this)(test, done);",
              "err": {
                "message": "AssertionError: expected null not to be null",
                "estack": "AssertionError: expected null not to be null\n    at /Users/donlivinghouse/AccuChain/pdl/mocha-chai-pdl/unit-testing-with-mocha-chai/test/app.spec.js:57:64\n    at processTicksAndRejections (internal/process/task_queues.js:93:5)",
                "diff": null
              },
              "uuid": "acb9e888-f993-47a9-9903-9068f47ff939",
              "parentUUID": "416b6b98-269b-43b9-babe-45cad75feb27",
              "isHook": false,
              "skipped": false
            },
            {
              "title": "from the phone number, it should return the user with a linkedin_url 14085404472",
              "fullTitle": "full test suite from the phone number, it should return the user with a linkedin_url 14085404472",
              "timedOut": false,
              "duration": 229,
              "state": "passed",
              "speed": "slow",
              "pass": true,
              "fail": false,
              "pending": false,
              "context": null,
              "code": "process.bind(this)(test, done);",
              "err": {},
              "uuid": "e21c7494-0a8e-4df8-861d-989ce25945dd",
              "parentUUID": "416b6b98-269b-43b9-babe-45cad75feb27",
              "isHook": false,
              "skipped": false
            },
            {
              "title": "from the phone number, it should return the user with a linkedin_url 14083345374",
              "fullTitle": "full test suite from the phone number, it should return the user with a linkedin_url 14083345374",
              "timedOut": false,
              "duration": 415,
              "state": "failed",
              "speed": null,
              "pass": false,
              "fail": true,
              "pending": false,
              "context": null,
              "code": "process.bind(this)(test, done);",
              "err": {
                "message": "Error: Request failed with status code 404",
                "estack": "Error: Request failed with status code 404\n    at createError (node_modules/axios/lib/core/createError.js:16:15)\n    at settle (node_modules/axios/lib/core/settle.js:17:12)\n    at IncomingMessage.handleStreamEnd (node_modules/axios/lib/adapters/http.js:244:11)\n    at endReadableNT (internal/streams/readable.js:1327:12)\n    at processTicksAndRejections (internal/process/task_queues.js:80:21)",
                "diff": null
              },
              "uuid": "ab81874c-d866-4782-9c6c-790d1ba79efc",
              "parentUUID": "416b6b98-269b-43b9-babe-45cad75feb27",
              "isHook": false,
              "skipped": false
            },
            {
              "title": "from the phone number, it should return the user with a linkedin_url 14089925567",
              "fullTitle": "full test suite from the phone number, it should return the user with a linkedin_url 14089925567",
              "timedOut": false,
              "duration": 227,
              "state": "passed",
              "speed": "slow",
              "pass": true,
              "fail": false,
              "pending": false,
              "context": null,
              "code": "process.bind(this)(test, done);",
              "err": {},
              "uuid": "94a50d05-e30f-42bd-8a28-f6cd84326622",
              "parentUUID": "416b6b98-269b-43b9-babe-45cad75feb27",
              "isHook": false,
              "skipped": false
            },
            {
              "title": "from the phone number, it should return the user with a linkedin_url 14088219535",
              "fullTitle": "full test suite from the phone number, it should return the user with a linkedin_url 14088219535",
              "timedOut": false,
              "duration": 217,
              "state": "failed",
              "speed": null,
              "pass": false,
              "fail": true,
              "pending": false,
              "context": null,
              "code": "process.bind(this)(test, done);",
              "err": {
                "message": "Error: Request failed with status code 404",
                "estack": "Error: Request failed with status code 404\n    at createError (node_modules/axios/lib/core/createError.js:16:15)\n    at settle (node_modules/axios/lib/core/settle.js:17:12)\n    at IncomingMessage.handleStreamEnd (node_modules/axios/lib/adapters/http.js:244:11)\n    at endReadableNT (internal/streams/readable.js:1327:12)\n    at processTicksAndRejections (internal/process/task_queues.js:80:21)",
                "diff": null
              },
              "uuid": "f25feb37-1a64-4e73-97ee-69fd2a68253e",
              "parentUUID": "416b6b98-269b-43b9-babe-45cad75feb27",
              "isHook": false,
              "skipped": false
            },
            {
              "title": "from the phone number, it should return the user with a linkedin_url 13128053914",
              "fullTitle": "full test suite from the phone number, it should return the user with a linkedin_url 13128053914",
              "timedOut": false,
              "duration": 437,
              "state": "failed",
              "speed": null,
              "pass": false,
              "fail": true,
              "pending": false,
              "context": null,
              "code": "process.bind(this)(test, done);",
              "err": {
                "message": "AssertionError: expected false to be true",
                "estack": "AssertionError: expected false to be true\n    at /Users/donlivinghouse/AccuChain/pdl/mocha-chai-pdl/unit-testing-with-mocha-chai/test/app.spec.js:72:103\n    at processTicksAndRejections (internal/process/task_queues.js:93:5)",
                "diff": "- false\n+ true\n"
              },
              "uuid": "c23b3425-5788-4725-b667-9b4d582f22c0",
              "parentUUID": "416b6b98-269b-43b9-babe-45cad75feb27",
              "isHook": false,
              "skipped": false
            },
            {
              "title": "from the phone number, it should return the user with a linkedin_url 14084586003",
              "fullTitle": "full test suite from the phone number, it should return the user with a linkedin_url 14084586003",
              "timedOut": false,
              "duration": 248,
              "state": "failed",
              "speed": null,
              "pass": false,
              "fail": true,
              "pending": false,
              "context": null,
              "code": "process.bind(this)(test, done);",
              "err": {
                "message": "AssertionError: expected false to be true",
                "estack": "AssertionError: expected false to be true\n    at /Users/donlivinghouse/AccuChain/pdl/mocha-chai-pdl/unit-testing-with-mocha-chai/test/app.spec.js:72:103\n    at processTicksAndRejections (internal/process/task_queues.js:93:5)",
                "diff": "- false\n+ true\n"
              },
              "uuid": "64beab70-2445-48f3-ae2c-d41cd4661ff9",
              "parentUUID": "416b6b98-269b-43b9-babe-45cad75feb27",
              "isHook": false,
              "skipped": false
            },
            {
              "title": "from the phone number, it should return the user with a linkedin_url 14084586004",
              "fullTitle": "full test suite from the phone number, it should return the user with a linkedin_url 14084586004",
              "timedOut": false,
              "duration": 341,
              "state": "failed",
              "speed": null,
              "pass": false,
              "fail": true,
              "pending": false,
              "context": null,
              "code": "process.bind(this)(test, done);",
              "err": {
                "message": "AssertionError: expected false to be true",
                "estack": "AssertionError: expected false to be true\n    at /Users/donlivinghouse/AccuChain/pdl/mocha-chai-pdl/unit-testing-with-mocha-chai/test/app.spec.js:72:103\n    at processTicksAndRejections (internal/process/task_queues.js:93:5)",
                "diff": "- false\n+ true\n"
              },
              "uuid": "9fc768ee-33cb-4eea-9c13-41841ec0bde5",
              "parentUUID": "416b6b98-269b-43b9-babe-45cad75feb27",
              "isHook": false,
              "skipped": false
            },
            {
              "title": "from the phone number, it should return the user with a linkedin_url 14085960452",
              "fullTitle": "full test suite from the phone number, it should return the user with a linkedin_url 14085960452",
              "timedOut": false,
              "duration": 457,
              "state": "passed",
              "speed": "slow",
              "pass": true,
              "fail": false,
              "pending": false,
              "context": null,
              "code": "process.bind(this)(test, done);",
              "err": {},
              "uuid": "f45d11ae-ed63-4734-bc88-764b5626db46",
              "parentUUID": "416b6b98-269b-43b9-babe-45cad75feb27",
              "isHook": false,
              "skipped": false
            },
            {
              "title": "from the phone number, it should return the user with a linkedin_url 13238397523",
              "fullTitle": "full test suite from the phone number, it should return the user with a linkedin_url 13238397523",
              "timedOut": false,
              "duration": 279,
              "state": "failed",
              "speed": null,
              "pass": false,
              "fail": true,
              "pending": false,
              "context": null,
              "code": "process.bind(this)(test, done);",
              "err": {
                "message": "AssertionError: expected false to be true",
                "estack": "AssertionError: expected false to be true\n    at /Users/donlivinghouse/AccuChain/pdl/mocha-chai-pdl/unit-testing-with-mocha-chai/test/app.spec.js:72:103\n    at processTicksAndRejections (internal/process/task_queues.js:93:5)",
                "diff": "- false\n+ true\n"
              },
              "uuid": "11443843-33ce-4445-8c83-48a56f86dd33",
              "parentUUID": "416b6b98-269b-43b9-babe-45cad75feb27",
              "isHook": false,
              "skipped": false
            },
            {
              "title": "from the phone number, it should return the user with a linkedinId 14085404472",
              "fullTitle": "full test suite from the phone number, it should return the user with a linkedinId 14085404472",
              "timedOut": false,
              "duration": 305,
              "state": "failed",
              "speed": null,
              "pass": false,
              "fail": true,
              "pending": false,
              "context": null,
              "code": "process.bind(this)(test, done);",
              "err": {
                "message": "AssertionError: expected null not to be null",
                "estack": "AssertionError: expected null not to be null\n    at /Users/donlivinghouse/AccuChain/pdl/mocha-chai-pdl/unit-testing-with-mocha-chai/test/app.spec.js:86:65\n    at processTicksAndRejections (internal/process/task_queues.js:93:5)",
                "diff": null
              },
              "uuid": "8259a57e-5887-46c1-8163-32311951443e",
              "parentUUID": "416b6b98-269b-43b9-babe-45cad75feb27",
              "isHook": false,
              "skipped": false
            },
            {
              "title": "from the phone number, it should return the user with a linkedinId 14083345374",
              "fullTitle": "full test suite from the phone number, it should return the user with a linkedinId 14083345374",
              "timedOut": false,
              "duration": 197,
              "state": "failed",
              "speed": null,
              "pass": false,
              "fail": true,
              "pending": false,
              "context": null,
              "code": "process.bind(this)(test, done);",
              "err": {
                "message": "Error: Request failed with status code 404",
                "estack": "Error: Request failed with status code 404\n    at createError (node_modules/axios/lib/core/createError.js:16:15)\n    at settle (node_modules/axios/lib/core/settle.js:17:12)\n    at IncomingMessage.handleStreamEnd (node_modules/axios/lib/adapters/http.js:244:11)\n    at endReadableNT (internal/streams/readable.js:1327:12)\n    at processTicksAndRejections (internal/process/task_queues.js:80:21)",
                "diff": null
              },
              "uuid": "c277f626-1272-4434-a4ea-4c76095337f1",
              "parentUUID": "416b6b98-269b-43b9-babe-45cad75feb27",
              "isHook": false,
              "skipped": false
            },
            {
              "title": "from the phone number, it should return the user with a linkedinId 14089925567",
              "fullTitle": "full test suite from the phone number, it should return the user with a linkedinId 14089925567",
              "timedOut": false,
              "duration": 443,
              "state": "passed",
              "speed": "slow",
              "pass": true,
              "fail": false,
              "pending": false,
              "context": null,
              "code": "process.bind(this)(test, done);",
              "err": {},
              "uuid": "fe9b49e9-7fbd-448f-b8e8-96486ec2e264",
              "parentUUID": "416b6b98-269b-43b9-babe-45cad75feb27",
              "isHook": false,
              "skipped": false
            },
            {
              "title": "from the phone number, it should return the user with a linkedinId 14088219535",
              "fullTitle": "full test suite from the phone number, it should return the user with a linkedinId 14088219535",
              "timedOut": false,
              "duration": 222,
              "state": "failed",
              "speed": null,
              "pass": false,
              "fail": true,
              "pending": false,
              "context": null,
              "code": "process.bind(this)(test, done);",
              "err": {
                "message": "Error: Request failed with status code 404",
                "estack": "Error: Request failed with status code 404\n    at createError (node_modules/axios/lib/core/createError.js:16:15)\n    at settle (node_modules/axios/lib/core/settle.js:17:12)\n    at IncomingMessage.handleStreamEnd (node_modules/axios/lib/adapters/http.js:244:11)\n    at endReadableNT (internal/streams/readable.js:1327:12)\n    at processTicksAndRejections (internal/process/task_queues.js:80:21)",
                "diff": null
              },
              "uuid": "b3e0740d-ca5b-461c-baeb-40ad8be85695",
              "parentUUID": "416b6b98-269b-43b9-babe-45cad75feb27",
              "isHook": false,
              "skipped": false
            },
            {
              "title": "from the phone number, it should return the user with a linkedinId 13128053914",
              "fullTitle": "full test suite from the phone number, it should return the user with a linkedinId 13128053914",
              "timedOut": false,
              "duration": 232,
              "state": "failed",
              "speed": null,
              "pass": false,
              "fail": true,
              "pending": false,
              "context": null,
              "code": "process.bind(this)(test, done);",
              "err": {
                "message": "AssertionError: expected null not to be null",
                "estack": "AssertionError: expected null not to be null\n    at /Users/donlivinghouse/AccuChain/pdl/mocha-chai-pdl/unit-testing-with-mocha-chai/test/app.spec.js:86:65\n    at processTicksAndRejections (internal/process/task_queues.js:93:5)",
                "diff": null
              },
              "uuid": "5cfe10fa-9b76-417a-b4df-f99ad295b402",
              "parentUUID": "416b6b98-269b-43b9-babe-45cad75feb27",
              "isHook": false,
              "skipped": false
            },
            {
              "title": "from the phone number, it should return the user with a linkedinId 14084586003",
              "fullTitle": "full test suite from the phone number, it should return the user with a linkedinId 14084586003",
              "timedOut": false,
              "duration": 418,
              "state": "failed",
              "speed": null,
              "pass": false,
              "fail": true,
              "pending": false,
              "context": null,
              "code": "process.bind(this)(test, done);",
              "err": {
                "message": "AssertionError: expected null not to be null",
                "estack": "AssertionError: expected null not to be null\n    at /Users/donlivinghouse/AccuChain/pdl/mocha-chai-pdl/unit-testing-with-mocha-chai/test/app.spec.js:86:65\n    at processTicksAndRejections (internal/process/task_queues.js:93:5)",
                "diff": null
              },
              "uuid": "315b8813-b1f3-4512-ac44-04449d4825bc",
              "parentUUID": "416b6b98-269b-43b9-babe-45cad75feb27",
              "isHook": false,
              "skipped": false
            },
            {
              "title": "from the phone number, it should return the user with a linkedinId 14084586004",
              "fullTitle": "full test suite from the phone number, it should return the user with a linkedinId 14084586004",
              "timedOut": false,
              "duration": 207,
              "state": "failed",
              "speed": null,
              "pass": false,
              "fail": true,
              "pending": false,
              "context": null,
              "code": "process.bind(this)(test, done);",
              "err": {
                "message": "AssertionError: expected null not to be null",
                "estack": "AssertionError: expected null not to be null\n    at /Users/donlivinghouse/AccuChain/pdl/mocha-chai-pdl/unit-testing-with-mocha-chai/test/app.spec.js:86:65\n    at processTicksAndRejections (internal/process/task_queues.js:93:5)",
                "diff": null
              },
              "uuid": "5fbf0dce-9971-4655-8c35-8745e0cc6312",
              "parentUUID": "416b6b98-269b-43b9-babe-45cad75feb27",
              "isHook": false,
              "skipped": false
            },
            {
              "title": "from the phone number, it should return the user with a linkedinId 14085960452",
              "fullTitle": "full test suite from the phone number, it should return the user with a linkedinId 14085960452",
              "timedOut": false,
              "duration": 542,
              "state": "passed",
              "speed": "slow",
              "pass": true,
              "fail": false,
              "pending": false,
              "context": null,
              "code": "process.bind(this)(test, done);",
              "err": {},
              "uuid": "d91102d5-104f-4a10-a1c7-56dc30f1de26",
              "parentUUID": "416b6b98-269b-43b9-babe-45cad75feb27",
              "isHook": false,
              "skipped": false
            },
            {
              "title": "from the phone number, it should return the user with a linkedinId 13238397523",
              "fullTitle": "full test suite from the phone number, it should return the user with a linkedinId 13238397523",
              "timedOut": false,
              "duration": 414,
              "state": "failed",
              "speed": null,
              "pass": false,
              "fail": true,
              "pending": false,
              "context": null,
              "code": "process.bind(this)(test, done);",
              "err": {
                "message": "AssertionError: expected null not to be null",
                "estack": "AssertionError: expected null not to be null\n    at /Users/donlivinghouse/AccuChain/pdl/mocha-chai-pdl/unit-testing-with-mocha-chai/test/app.spec.js:86:65\n    at processTicksAndRejections (internal/process/task_queues.js:93:5)",
                "diff": null
              },
              "uuid": "12624315-fa36-4843-9f13-fdd9a34e7894",
              "parentUUID": "416b6b98-269b-43b9-babe-45cad75feb27",
              "isHook": false,
              "skipped": false
            }
          ],
          "suites": [],
          "passes": [
            "49e719aa-7679-41ad-826a-9ce7d8b3eb22",
            "0b6ff585-d602-4f2f-94a5-9f0068f42aaa",
            "747662e9-9157-464c-ad26-1517d718516a",
            "e8d08065-bbd0-43fb-a879-233d959b20d1",
            "105c1e7a-7461-4989-9675-5989db6f81e1",
            "8a57c73b-bc2f-46cb-9b92-352cd6430e31",
            "e21c7494-0a8e-4df8-861d-989ce25945dd",
            "94a50d05-e30f-42bd-8a28-f6cd84326622",
            "f45d11ae-ed63-4734-bc88-764b5626db46",
            "fe9b49e9-7fbd-448f-b8e8-96486ec2e264",
            "d91102d5-104f-4a10-a1c7-56dc30f1de26"
          ],
          "failures": [
            "080b72b5-db92-4192-a111-96e9cd710d4d",
            "e5c732db-4e03-458a-8ed0-4af206e697f3",
            "3d5761e7-7dcc-4ce5-8cdf-7ef1fbdaf728",
            "cf6b504a-73c8-4c66-a814-dc84df1a86ca",
            "68a4f221-ce3e-4730-b30c-4598507a985b",
            "839dcf6b-4fc3-4ef5-8e60-12235ce2fca6",
            "8369cfa1-44fd-4b9a-8d80-73c23d85c629",
            "b100005e-ab93-4ee0-8f3a-de739c093dcc",
            "ef5eba36-af5d-4510-8d4f-7ee73bda5263",
            "a416e0ce-62a0-490c-b462-a45624268a21",
            "b92f8613-5e78-4351-bc30-e350a7082307",
            "c5d08207-4d12-4ae8-8740-5294502a3be7",
            "0d3b839e-2502-4ab2-8fa4-2a00234d22e5",
            "54d5faf5-154f-4cc5-9f58-a95aeb12181a",
            "657d5076-95e6-45ba-ae7d-7f3744c983c9",
            "9d7021f6-dbef-40c6-a542-dd9531bbd267",
            "d8e38cbe-5f78-4f0b-aec0-52eaf7b91d50",
            "3fd750b9-174b-45da-aac9-bb9a66c9deff",
            "809d1342-71eb-456e-b8ec-5d6dc69436e2",
            "2570cdd6-e956-4ccc-a8a4-8d203d5ed842",
            "acb9e888-f993-47a9-9903-9068f47ff939",
            "ab81874c-d866-4782-9c6c-790d1ba79efc",
            "f25feb37-1a64-4e73-97ee-69fd2a68253e",
            "c23b3425-5788-4725-b667-9b4d582f22c0",
            "64beab70-2445-48f3-ae2c-d41cd4661ff9",
            "9fc768ee-33cb-4eea-9c13-41841ec0bde5",
            "11443843-33ce-4445-8c83-48a56f86dd33",
            "8259a57e-5887-46c1-8163-32311951443e",
            "c277f626-1272-4434-a4ea-4c76095337f1",
            "b3e0740d-ca5b-461c-baeb-40ad8be85695",
            "5cfe10fa-9b76-417a-b4df-f99ad295b402",
            "315b8813-b1f3-4512-ac44-04449d4825bc",
            "5fbf0dce-9971-4655-8c35-8745e0cc6312",
            "12624315-fa36-4843-9f13-fdd9a34e7894"
          ],
          "pending": [],
          "skipped": [],
          "duration": 14868,
          "root": false,
          "rootEmpty": false,
          "_timeout": 2000
        }
      ],
      "passes": [],
      "failures": [],
      "pending": [],
      "skipped": [],
      "duration": 0,
      "root": true,
      "rootEmpty": true,
      "_timeout": 2000
    }
  ],
  "meta": {
    "mocha": {
      "version": "8.3.0"
    },
    "mochawesome": {
      "options": {
        "quiet": false,
        "reportFilename": "mochawesome",
        "saveHtml": true,
        "saveJson": true,
        "consoleReporter": "spec",
        "useInlineDiffs": false,
        "code": true
      },
      "version": "6.2.2"
    },
    "marge": {
      "options": null,
      "version": "5.2.0"
    }
  }
}